<?xml version="1.0" encoding="UTF-8"?>
<coverage generated="1606861009476" clover="3.2.0">
  <project timestamp="1606861009476" name="All files">
    <metrics statements="233" coveredstatements="212" conditionals="94" coveredconditionals="59" methods="77" coveredmethods="76" elements="404" coveredelements="347" complexity="0" loc="233" ncloc="233" packages="2" files="4" classes="4"/>
    <package name="server">
      <metrics statements="204" coveredstatements="183" conditionals="88" coveredconditionals="56" methods="74" coveredmethods="73"/>
      <file name="dao.js" path="C:\Users\peppe\Documents\seatbooking\Software-Engineering-2-team10\server\dao.js">
        <metrics statements="204" coveredstatements="183" conditionals="88" coveredconditionals="56" methods="74" coveredmethods="73"/>
        <line num="3" count="1" type="stmt"/>
        <line num="4" count="1" type="stmt"/>
        <line num="5" count="1" type="stmt"/>
        <line num="7" count="1" type="stmt"/>
        <line num="8" count="1" type="stmt"/>
        <line num="12" count="1" type="stmt"/>
        <line num="13" count="1" type="stmt"/>
        <line num="14" count="1" type="cond" truecount="1" falsecount="1"/>
        <line num="18" count="1" type="stmt"/>
        <line num="19" count="1" type="stmt"/>
        <line num="28" count="1" type="stmt"/>
        <line num="29" count="2" type="stmt"/>
        <line num="42" count="1" type="stmt"/>
        <line num="43" count="1" type="stmt"/>
        <line num="56" count="1" type="stmt"/>
        <line num="58" count="1" type="stmt"/>
        <line num="59" count="1" type="stmt"/>
        <line num="75" count="1" type="stmt"/>
        <line num="76" count="1" type="cond" truecount="1" falsecount="1"/>
        <line num="77" count="0" type="stmt"/>
        <line num="79" count="1" type="stmt"/>
        <line num="85" count="1" type="stmt"/>
        <line num="87" count="1" type="stmt"/>
        <line num="88" count="1" type="stmt"/>
        <line num="95" count="1" type="stmt"/>
        <line num="96" count="1" type="cond" truecount="1" falsecount="1"/>
        <line num="97" count="0" type="stmt"/>
        <line num="99" count="1" type="stmt"/>
        <line num="105" count="1" type="stmt"/>
        <line num="107" count="1" type="stmt"/>
        <line num="108" count="1" type="stmt"/>
        <line num="112" count="1" type="stmt"/>
        <line num="113" count="1" type="cond" truecount="1" falsecount="1"/>
        <line num="114" count="0" type="stmt"/>
        <line num="116" count="1" type="stmt"/>
        <line num="122" count="1" type="stmt"/>
        <line num="123" count="1" type="stmt"/>
        <line num="125" count="1" type="stmt"/>
        <line num="141" count="1" type="stmt"/>
        <line num="142" count="1" type="cond" truecount="1" falsecount="1"/>
        <line num="143" count="0" type="stmt"/>
        <line num="145" count="1" type="stmt"/>
        <line num="152" count="1" type="stmt"/>
        <line num="158" count="1" type="stmt"/>
        <line num="162" count="1" type="stmt"/>
        <line num="164" count="1" type="stmt"/>
        <line num="165" count="1" type="stmt"/>
        <line num="166" count="1" type="cond" truecount="1" falsecount="1"/>
        <line num="167" count="0" type="stmt"/>
        <line num="169" count="1" type="stmt"/>
        <line num="175" count="1" type="stmt"/>
        <line num="176" count="2" type="stmt"/>
        <line num="178" count="2" type="stmt"/>
        <line num="179" count="2" type="stmt"/>
        <line num="180" count="2" type="cond" truecount="1" falsecount="1"/>
        <line num="181" count="0" type="stmt"/>
        <line num="183" count="2" type="cond" truecount="2" falsecount="0"/>
        <line num="184" count="1" type="stmt"/>
        <line num="188" count="1" type="stmt"/>
        <line num="189" count="1" type="cond" truecount="1" falsecount="1"/>
        <line num="190" count="0" type="stmt"/>
        <line num="192" count="1" type="stmt"/>
        <line num="209" count="1" type="stmt"/>
        <line num="210" count="2" type="stmt"/>
        <line num="211" count="2" type="stmt"/>
        <line num="214" count="2" type="stmt"/>
        <line num="215" count="2" type="cond" truecount="1" falsecount="1"/>
        <line num="216" count="2" type="cond" truecount="2" falsecount="0"/>
        <line num="218" count="1" type="stmt"/>
        <line num="219" count="1" type="stmt"/>
        <line num="228" count="1" type="stmt"/>
        <line num="230" count="2" type="stmt"/>
        <line num="231" count="2" type="stmt"/>
        <line num="232" count="2" type="stmt"/>
        <line num="235" count="2" type="stmt"/>
        <line num="239" count="2" type="stmt"/>
        <line num="253" count="2" type="stmt"/>
        <line num="257" count="2" type="cond" truecount="1" falsecount="1"/>
        <line num="258" count="0" type="stmt"/>
        <line num="259" count="2" type="cond" truecount="2" falsecount="0"/>
        <line num="260" count="1" type="stmt"/>
        <line num="263" count="2" type="stmt"/>
        <line num="264" count="1" type="stmt"/>
        <line num="274" count="1" type="stmt"/>
        <line num="276" count="2" type="stmt"/>
        <line num="277" count="2" type="stmt"/>
        <line num="278" count="2" type="stmt"/>
        <line num="279" count="2" type="cond" truecount="1" falsecount="1"/>
        <line num="280" count="2" type="cond" truecount="1" falsecount="1"/>
        <line num="281" count="2" type="stmt"/>
        <line num="282" count="2" type="stmt"/>
        <line num="283" count="2" type="cond" truecount="1" falsecount="1"/>
        <line num="284" count="2" type="cond" truecount="1" falsecount="1"/>
        <line num="286" count="2" type="stmt"/>
        <line num="287" count="2" type="stmt"/>
        <line num="290" count="2" type="stmt"/>
        <line num="291" count="2" type="cond" truecount="1" falsecount="1"/>
        <line num="292" count="2" type="cond" truecount="1" falsecount="1"/>
        <line num="294" count="2" type="stmt"/>
        <line num="295" count="2" type="cond" truecount="2" falsecount="0"/>
        <line num="296" count="1" type="stmt"/>
        <line num="297" count="1" type="stmt"/>
        <line num="301" count="1" type="cond" truecount="1" falsecount="1"/>
        <line num="302" count="1" type="stmt"/>
        <line num="306" count="1" type="stmt"/>
        <line num="313" count="0" type="stmt"/>
        <line num="322" count="1" type="stmt"/>
        <line num="324" count="1" type="stmt"/>
        <line num="325" count="1" type="stmt"/>
        <line num="326" count="1" type="stmt"/>
        <line num="329" count="1" type="stmt"/>
        <line num="333" count="1" type="stmt"/>
        <line num="346" count="1" type="stmt"/>
        <line num="347" count="1" type="cond" truecount="1" falsecount="1"/>
        <line num="350" count="0" type="stmt"/>
        <line num="351" count="1" type="cond" truecount="1" falsecount="1"/>
        <line num="353" count="1" type="stmt"/>
        <line num="354" count="1" type="stmt"/>
        <line num="364" count="1" type="stmt"/>
        <line num="365" count="1" type="stmt"/>
        <line num="367" count="1" type="stmt"/>
        <line num="368" count="1" type="stmt"/>
        <line num="369" count="1" type="cond" truecount="1" falsecount="1"/>
        <line num="370" count="0" type="stmt"/>
        <line num="371" count="1" type="stmt"/>
        <line num="379" count="1" type="stmt"/>
        <line num="381" count="1" type="stmt"/>
        <line num="382" count="1" type="stmt"/>
        <line num="389" count="1" type="stmt"/>
        <line num="390" count="1" type="cond" truecount="1" falsecount="1"/>
        <line num="392" count="1" type="stmt"/>
        <line num="415" count="1" type="stmt"/>
        <line num="416" count="1" type="stmt"/>
        <line num="417" count="1" type="stmt"/>
        <line num="421" count="1" type="stmt"/>
        <line num="422" count="1" type="cond" truecount="1" falsecount="1"/>
        <line num="423" count="0" type="stmt"/>
        <line num="425" count="1" type="stmt"/>
        <line num="431" count="1" type="stmt"/>
        <line num="432" count="1" type="stmt"/>
        <line num="433" count="1" type="stmt"/>
        <line num="439" count="1" type="stmt"/>
        <line num="440" count="1" type="cond" truecount="1" falsecount="1"/>
        <line num="441" count="0" type="stmt"/>
        <line num="443" count="1" type="stmt"/>
        <line num="450" count="1" type="stmt"/>
        <line num="451" count="1" type="stmt"/>
        <line num="452" count="1" type="stmt"/>
        <line num="457" count="1" type="stmt"/>
        <line num="458" count="1" type="cond" truecount="1" falsecount="1"/>
        <line num="459" count="0" type="stmt"/>
        <line num="461" count="1" type="stmt"/>
        <line num="467" count="1" type="stmt"/>
        <line num="468" count="1" type="stmt"/>
        <line num="469" count="1" type="stmt"/>
        <line num="474" count="1" type="stmt"/>
        <line num="475" count="1" type="cond" truecount="1" falsecount="1"/>
        <line num="476" count="0" type="stmt"/>
        <line num="478" count="1" type="stmt"/>
        <line num="484" count="1" type="stmt"/>
        <line num="485" count="1" type="stmt"/>
        <line num="486" count="1" type="stmt"/>
        <line num="487" count="1" type="stmt"/>
        <line num="488" count="1" type="cond" truecount="1" falsecount="1"/>
        <line num="489" count="0" type="stmt"/>
        <line num="490" count="1" type="stmt"/>
        <line num="495" count="1" type="stmt"/>
        <line num="496" count="5" type="stmt"/>
        <line num="497" count="5" type="stmt"/>
        <line num="498" count="5" type="stmt"/>
        <line num="499" count="5" type="cond" truecount="2" falsecount="0"/>
        <line num="500" count="2" type="cond" truecount="4" falsecount="0"/>
        <line num="501" count="1" type="stmt"/>
        <line num="507" count="1" type="stmt"/>
        <line num="512" count="3" type="cond" truecount="2" falsecount="0"/>
        <line num="513" count="1" type="cond" truecount="2" falsecount="2"/>
        <line num="514" count="0" type="stmt"/>
        <line num="520" count="1" type="stmt"/>
        <line num="526" count="2" type="cond" truecount="4" falsecount="0"/>
        <line num="527" count="1" type="stmt"/>
        <line num="536" count="1" type="stmt"/>
        <line num="543" count="5" type="cond" truecount="4" falsecount="0"/>
        <line num="544" count="2" type="stmt"/>
        <line num="545" count="2" type="cond" truecount="1" falsecount="1"/>
        <line num="546" count="0" type="stmt"/>
        <line num="548" count="2" type="stmt"/>
        <line num="552" count="3" type="stmt"/>
        <line num="553" count="3" type="cond" truecount="1" falsecount="1"/>
        <line num="554" count="0" type="stmt"/>
        <line num="556" count="3" type="stmt"/>
        <line num="563" count="1" type="stmt"/>
        <line num="564" count="1" type="stmt"/>
        <line num="565" count="1" type="stmt"/>
        <line num="574" count="1" type="stmt"/>
        <line num="575" count="1" type="cond" truecount="1" falsecount="1"/>
        <line num="576" count="0" type="stmt"/>
        <line num="578" count="1" type="stmt"/>
        <line num="584" count="1" type="stmt"/>
        <line num="585" count="1" type="stmt"/>
        <line num="586" count="1" type="stmt"/>
        <line num="587" count="1" type="stmt"/>
        <line num="588" count="1" type="cond" truecount="1" falsecount="1"/>
        <line num="589" count="0" type="stmt"/>
        <line num="590" count="1" type="stmt"/>
      </file>
    </package>
    <package name="server.Entities">
      <metrics statements="29" coveredstatements="29" conditionals="6" coveredconditionals="3" methods="3" coveredmethods="3"/>
      <file name="BookingHistory.js" path="C:\Users\peppe\Documents\seatbooking\Software-Engineering-2-team10\server\Entities\BookingHistory.js">
        <metrics statements="11" coveredstatements="11" conditionals="2" coveredconditionals="1" methods="1" coveredmethods="1"/>
        <line num="3" count="1" type="cond" truecount="1" falsecount="1"/>
        <line num="4" count="1" type="stmt"/>
        <line num="7" count="1" type="stmt"/>
        <line num="8" count="1" type="stmt"/>
        <line num="9" count="1" type="stmt"/>
        <line num="10" count="1" type="stmt"/>
        <line num="11" count="1" type="stmt"/>
        <line num="12" count="1" type="stmt"/>
        <line num="13" count="1" type="stmt"/>
        <line num="14" count="1" type="stmt"/>
        <line num="18" count="1" type="stmt"/>
      </file>
      <file name="LecturesSchedule.js" path="C:\Users\peppe\Documents\seatbooking\Software-Engineering-2-team10\server\Entities\LecturesSchedule.js">
        <metrics statements="11" coveredstatements="11" conditionals="2" coveredconditionals="1" methods="1" coveredmethods="1"/>
        <line num="3" count="2" type="cond" truecount="1" falsecount="1"/>
        <line num="4" count="2" type="stmt"/>
        <line num="7" count="2" type="stmt"/>
        <line num="8" count="2" type="stmt"/>
        <line num="9" count="2" type="stmt"/>
        <line num="10" count="2" type="stmt"/>
        <line num="11" count="2" type="stmt"/>
        <line num="12" count="2" type="stmt"/>
        <line num="13" count="2" type="stmt"/>
        <line num="14" count="2" type="stmt"/>
        <line num="18" count="1" type="stmt"/>
      </file>
      <file name="StudentCourse.js" path="C:\Users\peppe\Documents\seatbooking\Software-Engineering-2-team10\server\Entities\StudentCourse.js">
        <metrics statements="7" coveredstatements="7" conditionals="2" coveredconditionals="1" methods="1" coveredmethods="1"/>
        <line num="3" count="1" type="cond" truecount="1" falsecount="1"/>
        <line num="4" count="1" type="stmt"/>
        <line num="7" count="1" type="stmt"/>
        <line num="8" count="1" type="stmt"/>
        <line num="9" count="1" type="stmt"/>
        <line num="10" count="1" type="stmt"/>
        <line num="14" count="1" type="stmt"/>
      </file>
    </package>
  </project>
</coverage>
