{"C:\\Users\\peppe\\Documents\\seatbooking\\Software-Engineering-2-team10\\server\\dao.js": {"path":"C:\\Users\\peppe\\Documents\\seatbooking\\Software-Engineering-2-team10\\server\\dao.js","statementMap":{"0":{"start":{"line":3,"column":22},"end":{"line":3,"column":57}},"1":{"start":{"line":4,"column":25},"end":{"line":4,"column":63}},"2":{"start":{"line":5,"column":23},"end":{"line":5,"column":59}},"3":{"start":{"line":7,"column":15},"end":{"line":7,"column":33}},"4":{"start":{"line":8,"column":15},"end":{"line":8,"column":32}},"5":{"start":{"line":12,"column":0},"end":{"line":16,"column":2}},"6":{"start":{"line":13,"column":2},"end":{"line":15,"column":5}},"7":{"start":{"line":14,"column":4},"end":{"line":14,"column":23}},"8":{"start":{"line":14,"column":13},"end":{"line":14,"column":23}},"9":{"start":{"line":18,"column":28},"end":{"line":26,"column":1}},"10":{"start":{"line":19,"column":2},"end":{"line":25,"column":4}},"11":{"start":{"line":28,"column":32},"end":{"line":40,"column":1}},"12":{"start":{"line":29,"column":2},"end":{"line":39,"column":4}},"13":{"start":{"line":42,"column":29},"end":{"line":54,"column":1}},"14":{"start":{"line":43,"column":2},"end":{"line":53,"column":4}},"15":{"start":{"line":56,"column":0},"end":{"line":83,"column":2}},"16":{"start":{"line":58,"column":2},"end":{"line":82,"column":5}},"17":{"start":{"line":59,"column":16},"end":{"line":73,"column":9}},"18":{"start":{"line":75,"column":4},"end":{"line":81,"column":7}},"19":{"start":{"line":76,"column":6},"end":{"line":80,"column":7}},"20":{"start":{"line":77,"column":8},"end":{"line":77,"column":20}},"21":{"start":{"line":79,"column":8},"end":{"line":79,"column":24}},"22":{"start":{"line":85,"column":0},"end":{"line":103,"column":2}},"23":{"start":{"line":87,"column":2},"end":{"line":102,"column":5}},"24":{"start":{"line":88,"column":16},"end":{"line":93,"column":9}},"25":{"start":{"line":95,"column":4},"end":{"line":101,"column":7}},"26":{"start":{"line":96,"column":6},"end":{"line":100,"column":7}},"27":{"start":{"line":97,"column":8},"end":{"line":97,"column":20}},"28":{"start":{"line":99,"column":8},"end":{"line":99,"column":24}},"29":{"start":{"line":105,"column":0},"end":{"line":120,"column":2}},"30":{"start":{"line":107,"column":2},"end":{"line":119,"column":5}},"31":{"start":{"line":108,"column":16},"end":{"line":110,"column":29}},"32":{"start":{"line":112,"column":4},"end":{"line":118,"column":7}},"33":{"start":{"line":113,"column":6},"end":{"line":117,"column":7}},"34":{"start":{"line":114,"column":8},"end":{"line":114,"column":20}},"35":{"start":{"line":116,"column":8},"end":{"line":116,"column":24}},"36":{"start":{"line":122,"column":0},"end":{"line":156,"column":2}},"37":{"start":{"line":123,"column":2},"end":{"line":155,"column":5}},"38":{"start":{"line":125,"column":16},"end":{"line":139,"column":37}},"39":{"start":{"line":141,"column":4},"end":{"line":154,"column":7}},"40":{"start":{"line":142,"column":6},"end":{"line":153,"column":7}},"41":{"start":{"line":143,"column":8},"end":{"line":143,"column":20}},"42":{"start":{"line":145,"column":30},"end":{"line":150,"column":11}},"43":{"start":{"line":145,"column":58},"end":{"line":150,"column":9}},"44":{"start":{"line":152,"column":8},"end":{"line":152,"column":31}},"45":{"start":{"line":158,"column":0},"end":{"line":173,"column":2}},"46":{"start":{"line":162,"column":2},"end":{"line":172,"column":5}},"47":{"start":{"line":164,"column":16},"end":{"line":164,"column":53}},"48":{"start":{"line":165,"column":4},"end":{"line":171,"column":7}},"49":{"start":{"line":166,"column":6},"end":{"line":170,"column":7}},"50":{"start":{"line":167,"column":8},"end":{"line":167,"column":20}},"51":{"start":{"line":169,"column":8},"end":{"line":169,"column":22}},"52":{"start":{"line":175,"column":0},"end":{"line":204,"column":2}},"53":{"start":{"line":176,"column":2},"end":{"line":203,"column":5}},"54":{"start":{"line":178,"column":6},"end":{"line":178,"column":102}},"55":{"start":{"line":179,"column":4},"end":{"line":202,"column":7}},"56":{"start":{"line":180,"column":6},"end":{"line":201,"column":7}},"57":{"start":{"line":181,"column":8},"end":{"line":181,"column":20}},"58":{"start":{"line":183,"column":8},"end":{"line":200,"column":9}},"59":{"start":{"line":184,"column":10},"end":{"line":184,"column":22}},"60":{"start":{"line":188,"column":10},"end":{"line":199,"column":13}},"61":{"start":{"line":189,"column":12},"end":{"line":198,"column":13}},"62":{"start":{"line":190,"column":14},"end":{"line":190,"column":26}},"63":{"start":{"line":192,"column":14},"end":{"line":197,"column":17}},"64":{"start":{"line":209,"column":0},"end":{"line":223,"column":2}},"65":{"start":{"line":210,"column":2},"end":{"line":222,"column":5}},"66":{"start":{"line":211,"column":16},"end":{"line":213,"column":29}},"67":{"start":{"line":214,"column":4},"end":{"line":221,"column":7}},"68":{"start":{"line":215,"column":6},"end":{"line":220,"column":7}},"69":{"start":{"line":215,"column":15},"end":{"line":215,"column":27}},"70":{"start":{"line":216,"column":11},"end":{"line":220,"column":7}},"71":{"start":{"line":216,"column":34},"end":{"line":216,"column":53}},"72":{"start":{"line":218,"column":19},"end":{"line":218,"column":62}},"73":{"start":{"line":218,"column":37},"end":{"line":218,"column":61}},"74":{"start":{"line":219,"column":8},"end":{"line":219,"column":22}},"75":{"start":{"line":228,"column":0},"end":{"line":269,"column":2}},"76":{"start":{"line":230,"column":2},"end":{"line":268,"column":5}},"77":{"start":{"line":231,"column":22},"end":{"line":231,"column":32}},"78":{"start":{"line":232,"column":19},"end":{"line":234,"column":19}},"79":{"start":{"line":235,"column":18},"end":{"line":237,"column":19}},"80":{"start":{"line":239,"column":16},"end":{"line":251,"column":9}},"81":{"start":{"line":253,"column":4},"end":{"line":267,"column":6}},"82":{"start":{"line":257,"column":8},"end":{"line":265,"column":9}},"83":{"start":{"line":258,"column":10},"end":{"line":258,"column":22}},"84":{"start":{"line":259,"column":15},"end":{"line":265,"column":9}},"85":{"start":{"line":260,"column":10},"end":{"line":260,"column":29}},"86":{"start":{"line":263,"column":21},"end":{"line":263,"column":68}},"87":{"start":{"line":263,"column":39},"end":{"line":263,"column":67}},"88":{"start":{"line":264,"column":10},"end":{"line":264,"column":24}},"89":{"start":{"line":274,"column":0},"end":{"line":317,"column":2}},"90":{"start":{"line":276,"column":2},"end":{"line":316,"column":5}},"91":{"start":{"line":277,"column":29},"end":{"line":277,"column":144}},"92":{"start":{"line":278,"column":4},"end":{"line":315,"column":7}},"93":{"start":{"line":279,"column":6},"end":{"line":314,"column":7}},"94":{"start":{"line":279,"column":15},"end":{"line":279,"column":27}},"95":{"start":{"line":280,"column":11},"end":{"line":314,"column":7}},"96":{"start":{"line":281,"column":28},"end":{"line":281,"column":118}},"97":{"start":{"line":282,"column":8},"end":{"line":311,"column":11}},"98":{"start":{"line":283,"column":10},"end":{"line":310,"column":11}},"99":{"start":{"line":283,"column":19},"end":{"line":283,"column":31}},"100":{"start":{"line":284,"column":15},"end":{"line":310,"column":11}},"101":{"start":{"line":284,"column":38},"end":{"line":284,"column":57}},"102":{"start":{"line":286,"column":27},"end":{"line":286,"column":43}},"103":{"start":{"line":287,"column":36},"end":{"line":289,"column":80}},"104":{"start":{"line":290,"column":12},"end":{"line":309,"column":15}},"105":{"start":{"line":291,"column":14},"end":{"line":308,"column":15}},"106":{"start":{"line":291,"column":23},"end":{"line":291,"column":35}},"107":{"start":{"line":292,"column":19},"end":{"line":308,"column":15}},"108":{"start":{"line":292,"column":42},"end":{"line":292,"column":61}},"109":{"start":{"line":294,"column":34},"end":{"line":294,"column":53}},"110":{"start":{"line":295,"column":16},"end":{"line":307,"column":17}},"111":{"start":{"line":296,"column":34},"end":{"line":296,"column":146}},"112":{"start":{"line":297,"column":18},"end":{"line":304,"column":20}},"113":{"start":{"line":301,"column":22},"end":{"line":302,"column":41}},"114":{"start":{"line":301,"column":31},"end":{"line":301,"column":43}},"115":{"start":{"line":302,"column":27},"end":{"line":302,"column":41}},"116":{"start":{"line":306,"column":18},"end":{"line":306,"column":33}},"117":{"start":{"line":313,"column":8},"end":{"line":313,"column":20}},"118":{"start":{"line":322,"column":0},"end":{"line":359,"column":2}},"119":{"start":{"line":324,"column":2},"end":{"line":358,"column":5}},"120":{"start":{"line":325,"column":22},"end":{"line":325,"column":32}},"121":{"start":{"line":326,"column":19},"end":{"line":328,"column":19}},"122":{"start":{"line":329,"column":18},"end":{"line":331,"column":19}},"123":{"start":{"line":333,"column":16},"end":{"line":345,"column":28}},"124":{"start":{"line":346,"column":4},"end":{"line":357,"column":7}},"125":{"start":{"line":347,"column":6},"end":{"line":356,"column":7}},"126":{"start":{"line":350,"column":8},"end":{"line":350,"column":20}},"127":{"start":{"line":351,"column":13},"end":{"line":356,"column":7}},"128":{"start":{"line":351,"column":36},"end":{"line":351,"column":55}},"129":{"start":{"line":353,"column":18},"end":{"line":353,"column":62}},"130":{"start":{"line":353,"column":36},"end":{"line":353,"column":61}},"131":{"start":{"line":354,"column":8},"end":{"line":354,"column":21}},"132":{"start":{"line":364,"column":0},"end":{"line":374,"column":2}},"133":{"start":{"line":365,"column":2},"end":{"line":373,"column":5}},"134":{"start":{"line":367,"column":6},"end":{"line":367,"column":71}},"135":{"start":{"line":368,"column":4},"end":{"line":372,"column":7}},"136":{"start":{"line":369,"column":6},"end":{"line":371,"column":27}},"137":{"start":{"line":370,"column":8},"end":{"line":370,"column":20}},"138":{"start":{"line":371,"column":13},"end":{"line":371,"column":27}},"139":{"start":{"line":379,"column":0},"end":{"line":396,"column":2}},"140":{"start":{"line":381,"column":2},"end":{"line":395,"column":5}},"141":{"start":{"line":382,"column":16},"end":{"line":388,"column":29}},"142":{"start":{"line":389,"column":4},"end":{"line":394,"column":7}},"143":{"start":{"line":390,"column":6},"end":{"line":393,"column":7}},"144":{"start":{"line":390,"column":15},"end":{"line":390,"column":27}},"145":{"start":{"line":392,"column":8},"end":{"line":392,"column":22}},"146":{"start":{"line":415,"column":0},"end":{"line":429,"column":2}},"147":{"start":{"line":416,"column":2},"end":{"line":428,"column":5}},"148":{"start":{"line":417,"column":16},"end":{"line":420,"column":28}},"149":{"start":{"line":421,"column":4},"end":{"line":427,"column":7}},"150":{"start":{"line":422,"column":6},"end":{"line":426,"column":7}},"151":{"start":{"line":423,"column":8},"end":{"line":423,"column":20}},"152":{"start":{"line":425,"column":8},"end":{"line":425,"column":22}},"153":{"start":{"line":431,"column":0},"end":{"line":447,"column":2}},"154":{"start":{"line":432,"column":2},"end":{"line":446,"column":5}},"155":{"start":{"line":433,"column":16},"end":{"line":438,"column":28}},"156":{"start":{"line":439,"column":4},"end":{"line":445,"column":7}},"157":{"start":{"line":440,"column":6},"end":{"line":444,"column":7}},"158":{"start":{"line":441,"column":8},"end":{"line":441,"column":20}},"159":{"start":{"line":443,"column":8},"end":{"line":443,"column":22}},"160":{"start":{"line":450,"column":0},"end":{"line":465,"column":2}},"161":{"start":{"line":451,"column":2},"end":{"line":464,"column":5}},"162":{"start":{"line":452,"column":16},"end":{"line":456,"column":22}},"163":{"start":{"line":457,"column":4},"end":{"line":463,"column":7}},"164":{"start":{"line":458,"column":6},"end":{"line":462,"column":7}},"165":{"start":{"line":459,"column":8},"end":{"line":459,"column":20}},"166":{"start":{"line":461,"column":8},"end":{"line":461,"column":22}},"167":{"start":{"line":467,"column":0},"end":{"line":482,"column":2}},"168":{"start":{"line":468,"column":2},"end":{"line":481,"column":5}},"169":{"start":{"line":469,"column":16},"end":{"line":473,"column":51}},"170":{"start":{"line":474,"column":4},"end":{"line":480,"column":7}},"171":{"start":{"line":475,"column":6},"end":{"line":479,"column":7}},"172":{"start":{"line":476,"column":8},"end":{"line":476,"column":20}},"173":{"start":{"line":478,"column":8},"end":{"line":478,"column":22}},"174":{"start":{"line":484,"column":0},"end":{"line":493,"column":2}},"175":{"start":{"line":485,"column":2},"end":{"line":492,"column":5}},"176":{"start":{"line":486,"column":16},"end":{"line":486,"column":107}},"177":{"start":{"line":487,"column":4},"end":{"line":491,"column":7}},"178":{"start":{"line":488,"column":6},"end":{"line":490,"column":27}},"179":{"start":{"line":489,"column":8},"end":{"line":489,"column":20}},"180":{"start":{"line":490,"column":13},"end":{"line":490,"column":27}},"181":{"start":{"line":495,"column":0},"end":{"line":561,"column":1}},"182":{"start":{"line":496,"column":2},"end":{"line":496,"column":60}},"183":{"start":{"line":497,"column":2},"end":{"line":560,"column":5}},"184":{"start":{"line":498,"column":14},"end":{"line":498,"column":16}},"185":{"start":{"line":499,"column":4},"end":{"line":542,"column":5}},"186":{"start":{"line":500,"column":6},"end":{"line":511,"column":23}},"187":{"start":{"line":501,"column":8},"end":{"line":505,"column":23}},"188":{"start":{"line":507,"column":8},"end":{"line":511,"column":23}},"189":{"start":{"line":512,"column":11},"end":{"line":542,"column":5}},"190":{"start":{"line":513,"column":6},"end":{"line":524,"column":30}},"191":{"start":{"line":514,"column":8},"end":{"line":518,"column":24}},"192":{"start":{"line":520,"column":8},"end":{"line":524,"column":30}},"193":{"start":{"line":526,"column":6},"end":{"line":541,"column":28}},"194":{"start":{"line":527,"column":8},"end":{"line":534,"column":14}},"195":{"start":{"line":536,"column":8},"end":{"line":541,"column":28}},"196":{"start":{"line":543,"column":4},"end":{"line":559,"column":5}},"197":{"start":{"line":544,"column":6},"end":{"line":550,"column":9}},"198":{"start":{"line":545,"column":8},"end":{"line":549,"column":9}},"199":{"start":{"line":546,"column":10},"end":{"line":546,"column":22}},"200":{"start":{"line":548,"column":10},"end":{"line":548,"column":24}},"201":{"start":{"line":552,"column":6},"end":{"line":558,"column":9}},"202":{"start":{"line":553,"column":8},"end":{"line":557,"column":9}},"203":{"start":{"line":554,"column":10},"end":{"line":554,"column":22}},"204":{"start":{"line":556,"column":10},"end":{"line":556,"column":24}},"205":{"start":{"line":563,"column":0},"end":{"line":582,"column":2}},"206":{"start":{"line":564,"column":2},"end":{"line":581,"column":5}},"207":{"start":{"line":565,"column":16},"end":{"line":573,"column":28}},"208":{"start":{"line":574,"column":4},"end":{"line":580,"column":7}},"209":{"start":{"line":575,"column":6},"end":{"line":579,"column":7}},"210":{"start":{"line":576,"column":8},"end":{"line":576,"column":20}},"211":{"start":{"line":578,"column":8},"end":{"line":578,"column":22}},"212":{"start":{"line":584,"column":0},"end":{"line":593,"column":2}},"213":{"start":{"line":585,"column":2},"end":{"line":592,"column":5}},"214":{"start":{"line":586,"column":16},"end":{"line":586,"column":67}},"215":{"start":{"line":587,"column":4},"end":{"line":591,"column":7}},"216":{"start":{"line":588,"column":6},"end":{"line":590,"column":27}},"217":{"start":{"line":589,"column":8},"end":{"line":589,"column":20}},"218":{"start":{"line":590,"column":13},"end":{"line":590,"column":27}}},"fnMap":{"0":{"name":"(anonymous_0)","decl":{"start":{"line":12,"column":16},"end":{"line":12,"column":17}},"loc":{"start":{"line":12,"column":34},"end":{"line":16,"column":1}},"line":12},"1":{"name":"(anonymous_1)","decl":{"start":{"line":13,"column":35},"end":{"line":13,"column":36}},"loc":{"start":{"line":13,"column":44},"end":{"line":15,"column":3}},"line":13},"2":{"name":"(anonymous_2)","decl":{"start":{"line":18,"column":28},"end":{"line":18,"column":29}},"loc":{"start":{"line":18,"column":43},"end":{"line":26,"column":1}},"line":18},"3":{"name":"(anonymous_3)","decl":{"start":{"line":28,"column":32},"end":{"line":28,"column":33}},"loc":{"start":{"line":28,"column":47},"end":{"line":40,"column":1}},"line":28},"4":{"name":"(anonymous_4)","decl":{"start":{"line":42,"column":29},"end":{"line":42,"column":30}},"loc":{"start":{"line":42,"column":44},"end":{"line":54,"column":1}},"line":42},"5":{"name":"(anonymous_5)","decl":{"start":{"line":56,"column":28},"end":{"line":56,"column":29}},"loc":{"start":{"line":56,"column":46},"end":{"line":83,"column":1}},"line":56},"6":{"name":"(anonymous_6)","decl":{"start":{"line":58,"column":21},"end":{"line":58,"column":22}},"loc":{"start":{"line":58,"column":42},"end":{"line":82,"column":3}},"line":58},"7":{"name":"(anonymous_7)","decl":{"start":{"line":75,"column":26},"end":{"line":75,"column":27}},"loc":{"start":{"line":75,"column":41},"end":{"line":81,"column":5}},"line":75},"8":{"name":"(anonymous_8)","decl":{"start":{"line":85,"column":24},"end":{"line":85,"column":25}},"loc":{"start":{"line":85,"column":42},"end":{"line":103,"column":1}},"line":85},"9":{"name":"(anonymous_9)","decl":{"start":{"line":87,"column":21},"end":{"line":87,"column":22}},"loc":{"start":{"line":87,"column":42},"end":{"line":102,"column":3}},"line":87},"10":{"name":"(anonymous_10)","decl":{"start":{"line":95,"column":26},"end":{"line":95,"column":27}},"loc":{"start":{"line":95,"column":41},"end":{"line":101,"column":5}},"line":95},"11":{"name":"(anonymous_11)","decl":{"start":{"line":105,"column":29},"end":{"line":105,"column":30}},"loc":{"start":{"line":105,"column":47},"end":{"line":120,"column":1}},"line":105},"12":{"name":"(anonymous_12)","decl":{"start":{"line":107,"column":21},"end":{"line":107,"column":22}},"loc":{"start":{"line":107,"column":42},"end":{"line":119,"column":3}},"line":107},"13":{"name":"(anonymous_13)","decl":{"start":{"line":112,"column":26},"end":{"line":112,"column":27}},"loc":{"start":{"line":112,"column":41},"end":{"line":118,"column":5}},"line":112},"14":{"name":"(anonymous_14)","decl":{"start":{"line":122,"column":26},"end":{"line":122,"column":27}},"loc":{"start":{"line":122,"column":44},"end":{"line":156,"column":1}},"line":122},"15":{"name":"(anonymous_15)","decl":{"start":{"line":123,"column":21},"end":{"line":123,"column":22}},"loc":{"start":{"line":123,"column":42},"end":{"line":155,"column":3}},"line":123},"16":{"name":"(anonymous_16)","decl":{"start":{"line":141,"column":26},"end":{"line":141,"column":27}},"loc":{"start":{"line":141,"column":41},"end":{"line":154,"column":5}},"line":141},"17":{"name":"(anonymous_17)","decl":{"start":{"line":145,"column":39},"end":{"line":145,"column":40}},"loc":{"start":{"line":145,"column":58},"end":{"line":150,"column":9}},"line":145},"18":{"name":"(anonymous_18)","decl":{"start":{"line":158,"column":22},"end":{"line":158,"column":23}},"loc":{"start":{"line":158,"column":42},"end":{"line":173,"column":1}},"line":158},"19":{"name":"(anonymous_19)","decl":{"start":{"line":162,"column":21},"end":{"line":162,"column":22}},"loc":{"start":{"line":162,"column":42},"end":{"line":172,"column":3}},"line":162},"20":{"name":"(anonymous_20)","decl":{"start":{"line":165,"column":28},"end":{"line":165,"column":29}},"loc":{"start":{"line":165,"column":43},"end":{"line":171,"column":5}},"line":165},"21":{"name":"(anonymous_21)","decl":{"start":{"line":175,"column":16},"end":{"line":175,"column":17}},"loc":{"start":{"line":175,"column":46},"end":{"line":204,"column":1}},"line":175},"22":{"name":"(anonymous_22)","decl":{"start":{"line":176,"column":21},"end":{"line":176,"column":22}},"loc":{"start":{"line":176,"column":42},"end":{"line":203,"column":3}},"line":176},"23":{"name":"(anonymous_23)","decl":{"start":{"line":179,"column":28},"end":{"line":179,"column":29}},"loc":{"start":{"line":179,"column":42},"end":{"line":202,"column":5}},"line":179},"24":{"name":"(anonymous_24)","decl":{"start":{"line":188,"column":49},"end":{"line":188,"column":50}},"loc":{"start":{"line":188,"column":72},"end":{"line":199,"column":11}},"line":188},"25":{"name":"(anonymous_25)","decl":{"start":{"line":209,"column":35},"end":{"line":209,"column":36}},"loc":{"start":{"line":209,"column":49},"end":{"line":223,"column":1}},"line":209},"26":{"name":"(anonymous_26)","decl":{"start":{"line":210,"column":21},"end":{"line":210,"column":22}},"loc":{"start":{"line":210,"column":42},"end":{"line":222,"column":3}},"line":210},"27":{"name":"(anonymous_27)","decl":{"start":{"line":214,"column":22},"end":{"line":214,"column":23}},"loc":{"start":{"line":214,"column":37},"end":{"line":221,"column":5}},"line":214},"28":{"name":"(anonymous_28)","decl":{"start":{"line":218,"column":28},"end":{"line":218,"column":29}},"loc":{"start":{"line":218,"column":37},"end":{"line":218,"column":61}},"line":218},"29":{"name":"(anonymous_29)","decl":{"start":{"line":228,"column":31},"end":{"line":228,"column":32}},"loc":{"start":{"line":228,"column":53},"end":{"line":269,"column":1}},"line":228},"30":{"name":"(anonymous_30)","decl":{"start":{"line":230,"column":21},"end":{"line":230,"column":22}},"loc":{"start":{"line":230,"column":42},"end":{"line":268,"column":3}},"line":230},"31":{"name":"(anonymous_31)","decl":{"start":{"line":256,"column":6},"end":{"line":256,"column":7}},"loc":{"start":{"line":256,"column":21},"end":{"line":266,"column":7}},"line":256},"32":{"name":"(anonymous_32)","decl":{"start":{"line":263,"column":30},"end":{"line":263,"column":31}},"loc":{"start":{"line":263,"column":39},"end":{"line":263,"column":67}},"line":263},"33":{"name":"(anonymous_33)","decl":{"start":{"line":274,"column":22},"end":{"line":274,"column":23}},"loc":{"start":{"line":274,"column":65},"end":{"line":317,"column":1}},"line":274},"34":{"name":"(anonymous_34)","decl":{"start":{"line":276,"column":21},"end":{"line":276,"column":22}},"loc":{"start":{"line":276,"column":42},"end":{"line":316,"column":3}},"line":276},"35":{"name":"(anonymous_35)","decl":{"start":{"line":278,"column":50},"end":{"line":278,"column":51}},"loc":{"start":{"line":278,"column":65},"end":{"line":315,"column":5}},"line":278},"36":{"name":"(anonymous_36)","decl":{"start":{"line":282,"column":41},"end":{"line":282,"column":42}},"loc":{"start":{"line":282,"column":56},"end":{"line":311,"column":9}},"line":282},"37":{"name":"(anonymous_37)","decl":{"start":{"line":290,"column":49},"end":{"line":290,"column":50}},"loc":{"start":{"line":290,"column":64},"end":{"line":309,"column":13}},"line":290},"38":{"name":"(anonymous_38)","decl":{"start":{"line":300,"column":20},"end":{"line":300,"column":21}},"loc":{"start":{"line":300,"column":35},"end":{"line":303,"column":21}},"line":300},"39":{"name":"(anonymous_39)","decl":{"start":{"line":322,"column":28},"end":{"line":322,"column":29}},"loc":{"start":{"line":322,"column":42},"end":{"line":359,"column":1}},"line":322},"40":{"name":"(anonymous_40)","decl":{"start":{"line":324,"column":21},"end":{"line":324,"column":22}},"loc":{"start":{"line":324,"column":42},"end":{"line":358,"column":3}},"line":324},"41":{"name":"(anonymous_41)","decl":{"start":{"line":346,"column":22},"end":{"line":346,"column":23}},"loc":{"start":{"line":346,"column":37},"end":{"line":357,"column":5}},"line":346},"42":{"name":"(anonymous_42)","decl":{"start":{"line":353,"column":27},"end":{"line":353,"column":28}},"loc":{"start":{"line":353,"column":36},"end":{"line":353,"column":61}},"line":353},"43":{"name":"(anonymous_43)","decl":{"start":{"line":364,"column":28},"end":{"line":364,"column":29}},"loc":{"start":{"line":364,"column":42},"end":{"line":374,"column":1}},"line":364},"44":{"name":"(anonymous_44)","decl":{"start":{"line":365,"column":21},"end":{"line":365,"column":22}},"loc":{"start":{"line":365,"column":42},"end":{"line":373,"column":3}},"line":365},"45":{"name":"(anonymous_45)","decl":{"start":{"line":368,"column":61},"end":{"line":368,"column":62}},"loc":{"start":{"line":368,"column":70},"end":{"line":372,"column":5}},"line":368},"46":{"name":"(anonymous_46)","decl":{"start":{"line":379,"column":25},"end":{"line":379,"column":26}},"loc":{"start":{"line":379,"column":37},"end":{"line":396,"column":1}},"line":379},"47":{"name":"(anonymous_47)","decl":{"start":{"line":381,"column":21},"end":{"line":381,"column":22}},"loc":{"start":{"line":381,"column":42},"end":{"line":395,"column":3}},"line":381},"48":{"name":"(anonymous_48)","decl":{"start":{"line":389,"column":20},"end":{"line":389,"column":21}},"loc":{"start":{"line":389,"column":35},"end":{"line":394,"column":5}},"line":389},"49":{"name":"(anonymous_49)","decl":{"start":{"line":415,"column":28},"end":{"line":415,"column":29}},"loc":{"start":{"line":415,"column":42},"end":{"line":429,"column":1}},"line":415},"50":{"name":"(anonymous_50)","decl":{"start":{"line":416,"column":21},"end":{"line":416,"column":22}},"loc":{"start":{"line":416,"column":42},"end":{"line":428,"column":3}},"line":416},"51":{"name":"(anonymous_51)","decl":{"start":{"line":421,"column":22},"end":{"line":421,"column":23}},"loc":{"start":{"line":421,"column":37},"end":{"line":427,"column":5}},"line":421},"52":{"name":"(anonymous_52)","decl":{"start":{"line":431,"column":28},"end":{"line":431,"column":29}},"loc":{"start":{"line":431,"column":53},"end":{"line":447,"column":1}},"line":431},"53":{"name":"(anonymous_53)","decl":{"start":{"line":432,"column":21},"end":{"line":432,"column":22}},"loc":{"start":{"line":432,"column":42},"end":{"line":446,"column":3}},"line":432},"54":{"name":"(anonymous_54)","decl":{"start":{"line":439,"column":33},"end":{"line":439,"column":34}},"loc":{"start":{"line":439,"column":48},"end":{"line":445,"column":5}},"line":439},"55":{"name":"(anonymous_55)","decl":{"start":{"line":450,"column":29},"end":{"line":450,"column":30}},"loc":{"start":{"line":450,"column":43},"end":{"line":465,"column":1}},"line":450},"56":{"name":"(anonymous_56)","decl":{"start":{"line":451,"column":21},"end":{"line":451,"column":22}},"loc":{"start":{"line":451,"column":42},"end":{"line":464,"column":3}},"line":451},"57":{"name":"(anonymous_57)","decl":{"start":{"line":457,"column":22},"end":{"line":457,"column":23}},"loc":{"start":{"line":457,"column":37},"end":{"line":463,"column":5}},"line":457},"58":{"name":"(anonymous_58)","decl":{"start":{"line":467,"column":28},"end":{"line":467,"column":29}},"loc":{"start":{"line":467,"column":57},"end":{"line":482,"column":1}},"line":467},"59":{"name":"(anonymous_59)","decl":{"start":{"line":468,"column":21},"end":{"line":468,"column":22}},"loc":{"start":{"line":468,"column":42},"end":{"line":481,"column":3}},"line":468},"60":{"name":"(anonymous_60)","decl":{"start":{"line":474,"column":37},"end":{"line":474,"column":38}},"loc":{"start":{"line":474,"column":52},"end":{"line":480,"column":5}},"line":474},"61":{"name":"(anonymous_61)","decl":{"start":{"line":484,"column":24},"end":{"line":484,"column":25}},"loc":{"start":{"line":484,"column":45},"end":{"line":493,"column":1}},"line":484},"62":{"name":"(anonymous_62)","decl":{"start":{"line":485,"column":21},"end":{"line":485,"column":22}},"loc":{"start":{"line":485,"column":42},"end":{"line":492,"column":3}},"line":485},"63":{"name":"(anonymous_63)","decl":{"start":{"line":487,"column":29},"end":{"line":487,"column":30}},"loc":{"start":{"line":487,"column":38},"end":{"line":491,"column":5}},"line":487},"64":{"name":"(anonymous_64)","decl":{"start":{"line":495,"column":26},"end":{"line":495,"column":27}},"loc":{"start":{"line":495,"column":82},"end":{"line":561,"column":1}},"line":495},"65":{"name":"(anonymous_65)","decl":{"start":{"line":497,"column":21},"end":{"line":497,"column":22}},"loc":{"start":{"line":497,"column":42},"end":{"line":560,"column":3}},"line":497},"66":{"name":"(anonymous_66)","decl":{"start":{"line":544,"column":58},"end":{"line":544,"column":59}},"loc":{"start":{"line":544,"column":73},"end":{"line":550,"column":7}},"line":544},"67":{"name":"(anonymous_67)","decl":{"start":{"line":552,"column":48},"end":{"line":552,"column":49}},"loc":{"start":{"line":552,"column":63},"end":{"line":558,"column":7}},"line":552},"68":{"name":"(anonymous_68)","decl":{"start":{"line":563,"column":34},"end":{"line":563,"column":35}},"loc":{"start":{"line":563,"column":55},"end":{"line":582,"column":1}},"line":563},"69":{"name":"(anonymous_69)","decl":{"start":{"line":564,"column":21},"end":{"line":564,"column":22}},"loc":{"start":{"line":564,"column":42},"end":{"line":581,"column":3}},"line":564},"70":{"name":"(anonymous_70)","decl":{"start":{"line":574,"column":29},"end":{"line":574,"column":30}},"loc":{"start":{"line":574,"column":44},"end":{"line":580,"column":5}},"line":574},"71":{"name":"(anonymous_71)","decl":{"start":{"line":584,"column":28},"end":{"line":584,"column":29}},"loc":{"start":{"line":584,"column":49},"end":{"line":593,"column":1}},"line":584},"72":{"name":"(anonymous_72)","decl":{"start":{"line":585,"column":21},"end":{"line":585,"column":22}},"loc":{"start":{"line":585,"column":42},"end":{"line":592,"column":3}},"line":585},"73":{"name":"(anonymous_73)","decl":{"start":{"line":587,"column":29},"end":{"line":587,"column":30}},"loc":{"start":{"line":587,"column":43},"end":{"line":591,"column":5}},"line":587}},"branchMap":{"0":{"loc":{"start":{"line":14,"column":4},"end":{"line":14,"column":23}},"type":"if","locations":[{"start":{"line":14,"column":4},"end":{"line":14,"column":23}},{"start":{"line":14,"column":4},"end":{"line":14,"column":23}}],"line":14},"1":{"loc":{"start":{"line":76,"column":6},"end":{"line":80,"column":7}},"type":"if","locations":[{"start":{"line":76,"column":6},"end":{"line":80,"column":7}},{"start":{"line":76,"column":6},"end":{"line":80,"column":7}}],"line":76},"2":{"loc":{"start":{"line":96,"column":6},"end":{"line":100,"column":7}},"type":"if","locations":[{"start":{"line":96,"column":6},"end":{"line":100,"column":7}},{"start":{"line":96,"column":6},"end":{"line":100,"column":7}}],"line":96},"3":{"loc":{"start":{"line":113,"column":6},"end":{"line":117,"column":7}},"type":"if","locations":[{"start":{"line":113,"column":6},"end":{"line":117,"column":7}},{"start":{"line":113,"column":6},"end":{"line":117,"column":7}}],"line":113},"4":{"loc":{"start":{"line":142,"column":6},"end":{"line":153,"column":7}},"type":"if","locations":[{"start":{"line":142,"column":6},"end":{"line":153,"column":7}},{"start":{"line":142,"column":6},"end":{"line":153,"column":7}}],"line":142},"5":{"loc":{"start":{"line":166,"column":6},"end":{"line":170,"column":7}},"type":"if","locations":[{"start":{"line":166,"column":6},"end":{"line":170,"column":7}},{"start":{"line":166,"column":6},"end":{"line":170,"column":7}}],"line":166},"6":{"loc":{"start":{"line":180,"column":6},"end":{"line":201,"column":7}},"type":"if","locations":[{"start":{"line":180,"column":6},"end":{"line":201,"column":7}},{"start":{"line":180,"column":6},"end":{"line":201,"column":7}}],"line":180},"7":{"loc":{"start":{"line":183,"column":8},"end":{"line":200,"column":9}},"type":"if","locations":[{"start":{"line":183,"column":8},"end":{"line":200,"column":9}},{"start":{"line":183,"column":8},"end":{"line":200,"column":9}}],"line":183},"8":{"loc":{"start":{"line":189,"column":12},"end":{"line":198,"column":13}},"type":"if","locations":[{"start":{"line":189,"column":12},"end":{"line":198,"column":13}},{"start":{"line":189,"column":12},"end":{"line":198,"column":13}}],"line":189},"9":{"loc":{"start":{"line":215,"column":6},"end":{"line":220,"column":7}},"type":"if","locations":[{"start":{"line":215,"column":6},"end":{"line":220,"column":7}},{"start":{"line":215,"column":6},"end":{"line":220,"column":7}}],"line":215},"10":{"loc":{"start":{"line":216,"column":11},"end":{"line":220,"column":7}},"type":"if","locations":[{"start":{"line":216,"column":11},"end":{"line":220,"column":7}},{"start":{"line":216,"column":11},"end":{"line":220,"column":7}}],"line":216},"11":{"loc":{"start":{"line":257,"column":8},"end":{"line":265,"column":9}},"type":"if","locations":[{"start":{"line":257,"column":8},"end":{"line":265,"column":9}},{"start":{"line":257,"column":8},"end":{"line":265,"column":9}}],"line":257},"12":{"loc":{"start":{"line":259,"column":15},"end":{"line":265,"column":9}},"type":"if","locations":[{"start":{"line":259,"column":15},"end":{"line":265,"column":9}},{"start":{"line":259,"column":15},"end":{"line":265,"column":9}}],"line":259},"13":{"loc":{"start":{"line":279,"column":6},"end":{"line":314,"column":7}},"type":"if","locations":[{"start":{"line":279,"column":6},"end":{"line":314,"column":7}},{"start":{"line":279,"column":6},"end":{"line":314,"column":7}}],"line":279},"14":{"loc":{"start":{"line":280,"column":11},"end":{"line":314,"column":7}},"type":"if","locations":[{"start":{"line":280,"column":11},"end":{"line":314,"column":7}},{"start":{"line":280,"column":11},"end":{"line":314,"column":7}}],"line":280},"15":{"loc":{"start":{"line":283,"column":10},"end":{"line":310,"column":11}},"type":"if","locations":[{"start":{"line":283,"column":10},"end":{"line":310,"column":11}},{"start":{"line":283,"column":10},"end":{"line":310,"column":11}}],"line":283},"16":{"loc":{"start":{"line":284,"column":15},"end":{"line":310,"column":11}},"type":"if","locations":[{"start":{"line":284,"column":15},"end":{"line":310,"column":11}},{"start":{"line":284,"column":15},"end":{"line":310,"column":11}}],"line":284},"17":{"loc":{"start":{"line":291,"column":14},"end":{"line":308,"column":15}},"type":"if","locations":[{"start":{"line":291,"column":14},"end":{"line":308,"column":15}},{"start":{"line":291,"column":14},"end":{"line":308,"column":15}}],"line":291},"18":{"loc":{"start":{"line":292,"column":19},"end":{"line":308,"column":15}},"type":"if","locations":[{"start":{"line":292,"column":19},"end":{"line":308,"column":15}},{"start":{"line":292,"column":19},"end":{"line":308,"column":15}}],"line":292},"19":{"loc":{"start":{"line":295,"column":16},"end":{"line":307,"column":17}},"type":"if","locations":[{"start":{"line":295,"column":16},"end":{"line":307,"column":17}},{"start":{"line":295,"column":16},"end":{"line":307,"column":17}}],"line":295},"20":{"loc":{"start":{"line":301,"column":22},"end":{"line":302,"column":41}},"type":"if","locations":[{"start":{"line":301,"column":22},"end":{"line":302,"column":41}},{"start":{"line":301,"column":22},"end":{"line":302,"column":41}}],"line":301},"21":{"loc":{"start":{"line":347,"column":6},"end":{"line":356,"column":7}},"type":"if","locations":[{"start":{"line":347,"column":6},"end":{"line":356,"column":7}},{"start":{"line":347,"column":6},"end":{"line":356,"column":7}}],"line":347},"22":{"loc":{"start":{"line":351,"column":13},"end":{"line":356,"column":7}},"type":"if","locations":[{"start":{"line":351,"column":13},"end":{"line":356,"column":7}},{"start":{"line":351,"column":13},"end":{"line":356,"column":7}}],"line":351},"23":{"loc":{"start":{"line":369,"column":6},"end":{"line":371,"column":27}},"type":"if","locations":[{"start":{"line":369,"column":6},"end":{"line":371,"column":27}},{"start":{"line":369,"column":6},"end":{"line":371,"column":27}}],"line":369},"24":{"loc":{"start":{"line":390,"column":6},"end":{"line":393,"column":7}},"type":"if","locations":[{"start":{"line":390,"column":6},"end":{"line":393,"column":7}},{"start":{"line":390,"column":6},"end":{"line":393,"column":7}}],"line":390},"25":{"loc":{"start":{"line":422,"column":6},"end":{"line":426,"column":7}},"type":"if","locations":[{"start":{"line":422,"column":6},"end":{"line":426,"column":7}},{"start":{"line":422,"column":6},"end":{"line":426,"column":7}}],"line":422},"26":{"loc":{"start":{"line":440,"column":6},"end":{"line":444,"column":7}},"type":"if","locations":[{"start":{"line":440,"column":6},"end":{"line":444,"column":7}},{"start":{"line":440,"column":6},"end":{"line":444,"column":7}}],"line":440},"27":{"loc":{"start":{"line":458,"column":6},"end":{"line":462,"column":7}},"type":"if","locations":[{"start":{"line":458,"column":6},"end":{"line":462,"column":7}},{"start":{"line":458,"column":6},"end":{"line":462,"column":7}}],"line":458},"28":{"loc":{"start":{"line":475,"column":6},"end":{"line":479,"column":7}},"type":"if","locations":[{"start":{"line":475,"column":6},"end":{"line":479,"column":7}},{"start":{"line":475,"column":6},"end":{"line":479,"column":7}}],"line":475},"29":{"loc":{"start":{"line":488,"column":6},"end":{"line":490,"column":27}},"type":"if","locations":[{"start":{"line":488,"column":6},"end":{"line":490,"column":27}},{"start":{"line":488,"column":6},"end":{"line":490,"column":27}}],"line":488},"30":{"loc":{"start":{"line":499,"column":4},"end":{"line":542,"column":5}},"type":"if","locations":[{"start":{"line":499,"column":4},"end":{"line":542,"column":5}},{"start":{"line":499,"column":4},"end":{"line":542,"column":5}}],"line":499},"31":{"loc":{"start":{"line":500,"column":6},"end":{"line":511,"column":23}},"type":"if","locations":[{"start":{"line":500,"column":6},"end":{"line":511,"column":23}},{"start":{"line":500,"column":6},"end":{"line":511,"column":23}}],"line":500},"32":{"loc":{"start":{"line":500,"column":10},"end":{"line":500,"column":49}},"type":"binary-expr","locations":[{"start":{"line":500,"column":10},"end":{"line":500,"column":28}},{"start":{"line":500,"column":32},"end":{"line":500,"column":49}}],"line":500},"33":{"loc":{"start":{"line":512,"column":11},"end":{"line":542,"column":5}},"type":"if","locations":[{"start":{"line":512,"column":11},"end":{"line":542,"column":5}},{"start":{"line":512,"column":11},"end":{"line":542,"column":5}}],"line":512},"34":{"loc":{"start":{"line":513,"column":6},"end":{"line":524,"column":30}},"type":"if","locations":[{"start":{"line":513,"column":6},"end":{"line":524,"column":30}},{"start":{"line":513,"column":6},"end":{"line":524,"column":30}}],"line":513},"35":{"loc":{"start":{"line":513,"column":10},"end":{"line":513,"column":49}},"type":"binary-expr","locations":[{"start":{"line":513,"column":10},"end":{"line":513,"column":28}},{"start":{"line":513,"column":32},"end":{"line":513,"column":49}}],"line":513},"36":{"loc":{"start":{"line":526,"column":6},"end":{"line":541,"column":28}},"type":"if","locations":[{"start":{"line":526,"column":6},"end":{"line":541,"column":28}},{"start":{"line":526,"column":6},"end":{"line":541,"column":28}}],"line":526},"37":{"loc":{"start":{"line":526,"column":10},"end":{"line":526,"column":49}},"type":"binary-expr","locations":[{"start":{"line":526,"column":10},"end":{"line":526,"column":28}},{"start":{"line":526,"column":32},"end":{"line":526,"column":49}}],"line":526},"38":{"loc":{"start":{"line":543,"column":4},"end":{"line":559,"column":5}},"type":"if","locations":[{"start":{"line":543,"column":4},"end":{"line":559,"column":5}},{"start":{"line":543,"column":4},"end":{"line":559,"column":5}}],"line":543},"39":{"loc":{"start":{"line":543,"column":8},"end":{"line":543,"column":47}},"type":"binary-expr","locations":[{"start":{"line":543,"column":8},"end":{"line":543,"column":26}},{"start":{"line":543,"column":30},"end":{"line":543,"column":47}}],"line":543},"40":{"loc":{"start":{"line":545,"column":8},"end":{"line":549,"column":9}},"type":"if","locations":[{"start":{"line":545,"column":8},"end":{"line":549,"column":9}},{"start":{"line":545,"column":8},"end":{"line":549,"column":9}}],"line":545},"41":{"loc":{"start":{"line":553,"column":8},"end":{"line":557,"column":9}},"type":"if","locations":[{"start":{"line":553,"column":8},"end":{"line":557,"column":9}},{"start":{"line":553,"column":8},"end":{"line":557,"column":9}}],"line":553},"42":{"loc":{"start":{"line":575,"column":6},"end":{"line":579,"column":7}},"type":"if","locations":[{"start":{"line":575,"column":6},"end":{"line":579,"column":7}},{"start":{"line":575,"column":6},"end":{"line":579,"column":7}}],"line":575},"43":{"loc":{"start":{"line":588,"column":6},"end":{"line":590,"column":27}},"type":"if","locations":[{"start":{"line":588,"column":6},"end":{"line":590,"column":27}},{"start":{"line":588,"column":6},"end":{"line":590,"column":27}}],"line":588}},"s":{"0":2,"1":2,"2":2,"3":2,"4":2,"5":2,"6":3,"7":3,"8":0,"9":2,"10":3,"11":2,"12":4,"13":2,"14":2,"15":2,"16":2,"17":2,"18":2,"19":2,"20":0,"21":2,"22":2,"23":2,"24":2,"25":2,"26":2,"27":0,"28":2,"29":2,"30":1,"31":1,"32":1,"33":1,"34":0,"35":1,"36":2,"37":2,"38":2,"39":2,"40":2,"41":0,"42":2,"43":0,"44":2,"45":2,"46":2,"47":2,"48":2,"49":2,"50":0,"51":2,"52":2,"53":3,"54":3,"55":3,"56":3,"57":0,"58":3,"59":1,"60":2,"61":2,"62":0,"63":2,"64":2,"65":3,"66":3,"67":3,"68":3,"69":0,"70":3,"71":1,"72":2,"73":3,"74":2,"75":2,"76":3,"77":3,"78":3,"79":3,"80":3,"81":3,"82":3,"83":0,"84":3,"85":1,"86":2,"87":4,"88":2,"89":2,"90":2,"91":2,"92":2,"93":2,"94":0,"95":2,"96":2,"97":2,"98":2,"99":0,"100":2,"101":0,"102":2,"103":2,"104":2,"105":2,"106":0,"107":2,"108":0,"109":2,"110":2,"111":1,"112":1,"113":1,"114":0,"115":1,"116":1,"117":0,"118":2,"119":2,"120":2,"121":2,"122":2,"123":2,"124":2,"125":2,"126":0,"127":2,"128":0,"129":2,"130":2,"131":2,"132":2,"133":1,"134":1,"135":1,"136":1,"137":0,"138":1,"139":2,"140":2,"141":2,"142":2,"143":2,"144":0,"145":2,"146":2,"147":2,"148":2,"149":2,"150":2,"151":0,"152":2,"153":2,"154":2,"155":2,"156":2,"157":2,"158":0,"159":2,"160":2,"161":2,"162":2,"163":2,"164":2,"165":0,"166":2,"167":2,"168":1,"169":1,"170":1,"171":1,"172":0,"173":1,"174":2,"175":1,"176":1,"177":1,"178":1,"179":0,"180":1,"181":2,"182":5,"183":5,"184":5,"185":5,"186":2,"187":1,"188":1,"189":3,"190":1,"191":0,"192":1,"193":2,"194":1,"195":1,"196":5,"197":2,"198":2,"199":0,"200":2,"201":3,"202":3,"203":0,"204":3,"205":2,"206":1,"207":1,"208":1,"209":1,"210":0,"211":1,"212":2,"213":1,"214":1,"215":1,"216":1,"217":0,"218":1},"f":{"0":3,"1":3,"2":3,"3":4,"4":2,"5":2,"6":2,"7":2,"8":2,"9":2,"10":2,"11":1,"12":1,"13":1,"14":2,"15":2,"16":2,"17":0,"18":2,"19":2,"20":2,"21":3,"22":3,"23":3,"24":2,"25":3,"26":3,"27":3,"28":3,"29":3,"30":3,"31":3,"32":4,"33":2,"34":2,"35":2,"36":2,"37":2,"38":1,"39":2,"40":2,"41":2,"42":2,"43":1,"44":1,"45":1,"46":2,"47":2,"48":2,"49":2,"50":2,"51":2,"52":2,"53":2,"54":2,"55":2,"56":2,"57":2,"58":1,"59":1,"60":1,"61":1,"62":1,"63":1,"64":5,"65":5,"66":2,"67":3,"68":1,"69":1,"70":1,"71":1,"72":1,"73":1},"b":{"0":[0,3],"1":[0,2],"2":[0,2],"3":[0,1],"4":[0,2],"5":[0,2],"6":[0,3],"7":[1,2],"8":[0,2],"9":[0,3],"10":[1,2],"11":[0,3],"12":[1,2],"13":[0,2],"14":[2,0],"15":[0,2],"16":[0,2],"17":[0,2],"18":[0,2],"19":[1,1],"20":[0,1],"21":[0,2],"22":[0,2],"23":[0,1],"24":[0,2],"25":[0,2],"26":[0,2],"27":[0,2],"28":[0,1],"29":[0,1],"30":[2,3],"31":[1,1],"32":[2,2],"33":[1,2],"34":[0,1],"35":[1,0],"36":[1,1],"37":[2,2],"38":[2,3],"39":[5,4],"40":[0,2],"41":[0,3],"42":[0,1],"43":[0,1]},"_coverageSchema":"1a1c01bbd47fc00a2c39e90264f33305004495a9","hash":"a7fc031de58bc8fd2c88aa6fd25edd4d57a9570f"}
,"C:\\Users\\peppe\\Documents\\seatbooking\\Software-Engineering-2-team10\\server\\server.js": {"path":"C:\\Users\\peppe\\Documents\\seatbooking\\Software-Engineering-2-team10\\server\\server.js","statementMap":{"0":{"start":{"line":1,"column":16},"end":{"line":1,"column":34}},"1":{"start":{"line":2,"column":15},"end":{"line":2,"column":32}},"2":{"start":{"line":3,"column":15},"end":{"line":3,"column":32}},"3":{"start":{"line":4,"column":17},"end":{"line":4,"column":38}},"4":{"start":{"line":5,"column":12},"end":{"line":5,"column":31}},"5":{"start":{"line":6,"column":12},"end":{"line":6,"column":34}},"6":{"start":{"line":7,"column":21},"end":{"line":7,"column":44}},"7":{"start":{"line":8,"column":21},"end":{"line":8,"column":45}},"8":{"start":{"line":10,"column":13},"end":{"line":10,"column":17}},"9":{"start":{"line":11,"column":16},"end":{"line":11,"column":22}},"10":{"start":{"line":13,"column":19},"end":{"line":13,"column":65}},"11":{"start":{"line":14,"column":21},"end":{"line":14,"column":72}},"12":{"start":{"line":16,"column":18},"end":{"line":16,"column":84}},"13":{"start":{"line":19,"column":0},"end":{"line":19,"column":27}},"14":{"start":{"line":21,"column":0},"end":{"line":21,"column":20}},"15":{"start":{"line":24,"column":0},"end":{"line":24,"column":24}},"16":{"start":{"line":25,"column":0},"end":{"line":25,"column":24}},"17":{"start":{"line":27,"column":19},"end":{"line":27,"column":32}},"18":{"start":{"line":29,"column":0},"end":{"line":51,"column":3}},"19":{"start":{"line":31,"column":21},"end":{"line":31,"column":38}},"20":{"start":{"line":32,"column":21},"end":{"line":32,"column":38}},"21":{"start":{"line":34,"column":4},"end":{"line":49,"column":11}},"22":{"start":{"line":36,"column":12},"end":{"line":42,"column":13}},"23":{"start":{"line":37,"column":16},"end":{"line":37,"column":90}},"24":{"start":{"line":39,"column":30},"end":{"line":39,"column":114}},"25":{"start":{"line":40,"column":16},"end":{"line":40,"column":106}},"26":{"start":{"line":41,"column":16},"end":{"line":41,"column":126}},"27":{"start":{"line":45,"column":12},"end":{"line":48,"column":49}},"28":{"start":{"line":46,"column":16},"end":{"line":46,"column":90}},"29":{"start":{"line":48,"column":16},"end":{"line":48,"column":49}},"30":{"start":{"line":53,"column":0},"end":{"line":55,"column":3}},"31":{"start":{"line":54,"column":4},"end":{"line":54,"column":35}},"32":{"start":{"line":60,"column":0},"end":{"line":66,"column":2}},"33":{"start":{"line":63,"column":25},"end":{"line":63,"column":42}},"34":{"start":{"line":69,"column":0},"end":{"line":73,"column":3}},"35":{"start":{"line":70,"column":4},"end":{"line":72,"column":5}},"36":{"start":{"line":71,"column":8},"end":{"line":71,"column":43}},"37":{"start":{"line":76,"column":0},"end":{"line":81,"column":3}},"38":{"start":{"line":77,"column":21},"end":{"line":77,"column":38}},"39":{"start":{"line":78,"column":4},"end":{"line":80,"column":55}},"40":{"start":{"line":79,"column":24},"end":{"line":79,"column":153}},"41":{"start":{"line":80,"column":21},"end":{"line":80,"column":53}},"42":{"start":{"line":84,"column":0},"end":{"line":98,"column":3}},"43":{"start":{"line":85,"column":4},"end":{"line":97,"column":11}},"44":{"start":{"line":87,"column":12},"end":{"line":91,"column":13}},"45":{"start":{"line":88,"column":16},"end":{"line":88,"column":39}},"46":{"start":{"line":90,"column":16},"end":{"line":90,"column":30}},"47":{"start":{"line":94,"column":12},"end":{"line":96,"column":15}},"48":{"start":{"line":120,"column":0},"end":{"line":134,"column":3}},"49":{"start":{"line":121,"column":4},"end":{"line":133,"column":11}},"50":{"start":{"line":123,"column":12},"end":{"line":127,"column":13}},"51":{"start":{"line":124,"column":16},"end":{"line":124,"column":39}},"52":{"start":{"line":126,"column":16},"end":{"line":126,"column":30}},"53":{"start":{"line":130,"column":12},"end":{"line":132,"column":15}},"54":{"start":{"line":136,"column":0},"end":{"line":155,"column":3}},"55":{"start":{"line":137,"column":4},"end":{"line":154,"column":12}},"56":{"start":{"line":140,"column":12},"end":{"line":147,"column":20}},"57":{"start":{"line":142,"column":20},"end":{"line":142,"column":44}},"58":{"start":{"line":143,"column":20},"end":{"line":143,"column":42}},"59":{"start":{"line":145,"column":32},"end":{"line":147,"column":18}},"60":{"start":{"line":152,"column":24},"end":{"line":154,"column":10}},"61":{"start":{"line":157,"column":0},"end":{"line":171,"column":3}},"62":{"start":{"line":158,"column":4},"end":{"line":170,"column":11}},"63":{"start":{"line":160,"column":12},"end":{"line":164,"column":13}},"64":{"start":{"line":161,"column":16},"end":{"line":161,"column":29}},"65":{"start":{"line":163,"column":16},"end":{"line":163,"column":31}},"66":{"start":{"line":167,"column":12},"end":{"line":169,"column":15}},"67":{"start":{"line":174,"column":0},"end":{"line":180,"column":3}},"68":{"start":{"line":175,"column":4},"end":{"line":179,"column":12}},"69":{"start":{"line":176,"column":26},"end":{"line":176,"column":47}},"70":{"start":{"line":177,"column":24},"end":{"line":179,"column":10}},"71":{"start":{"line":182,"column":0},"end":{"line":196,"column":3}},"72":{"start":{"line":183,"column":4},"end":{"line":194,"column":99}},"73":{"start":{"line":185,"column":12},"end":{"line":191,"column":34}},"74":{"start":{"line":187,"column":20},"end":{"line":189,"column":107}},"75":{"start":{"line":188,"column":51},"end":{"line":188,"column":75}},"76":{"start":{"line":189,"column":39},"end":{"line":189,"column":103}},"77":{"start":{"line":194,"column":23},"end":{"line":194,"column":95}},"78":{"start":{"line":198,"column":0},"end":{"line":203,"column":3}},"79":{"start":{"line":200,"column":4},"end":{"line":202,"column":93}},"80":{"start":{"line":201,"column":22},"end":{"line":201,"column":38}},"81":{"start":{"line":202,"column":21},"end":{"line":202,"column":91}},"82":{"start":{"line":205,"column":0},"end":{"line":215,"column":3}},"83":{"start":{"line":206,"column":4},"end":{"line":214,"column":11}},"84":{"start":{"line":208,"column":12},"end":{"line":208,"column":30}},"85":{"start":{"line":211,"column":12},"end":{"line":213,"column":15}},"86":{"start":{"line":217,"column":0},"end":{"line":227,"column":3}},"87":{"start":{"line":218,"column":4},"end":{"line":226,"column":11}},"88":{"start":{"line":220,"column":12},"end":{"line":220,"column":31}},"89":{"start":{"line":223,"column":12},"end":{"line":225,"column":15}},"90":{"start":{"line":229,"column":0},"end":{"line":239,"column":3}},"91":{"start":{"line":230,"column":4},"end":{"line":238,"column":11}},"92":{"start":{"line":232,"column":12},"end":{"line":232,"column":31}},"93":{"start":{"line":235,"column":12},"end":{"line":237,"column":15}},"94":{"start":{"line":241,"column":0},"end":{"line":260,"column":3}},"95":{"start":{"line":242,"column":4},"end":{"line":259,"column":11}},"96":{"start":{"line":244,"column":12},"end":{"line":253,"column":19}},"97":{"start":{"line":246,"column":20},"end":{"line":246,"column":58}},"98":{"start":{"line":247,"column":20},"end":{"line":247,"column":42}},"99":{"start":{"line":250,"column":20},"end":{"line":252,"column":23}},"100":{"start":{"line":256,"column":12},"end":{"line":258,"column":15}},"101":{"start":{"line":263,"column":0},"end":{"line":268,"column":7}},"102":{"start":{"line":264,"column":4},"end":{"line":267,"column":10}},"103":{"start":{"line":266,"column":12},"end":{"line":266,"column":27}},"104":{"start":{"line":270,"column":0},"end":{"line":279,"column":3}},"105":{"start":{"line":271,"column":4},"end":{"line":278,"column":11}},"106":{"start":{"line":273,"column":8},"end":{"line":273,"column":30}},"107":{"start":{"line":275,"column":12},"end":{"line":277,"column":15}},"108":{"start":{"line":281,"column":0},"end":{"line":293,"column":3}},"109":{"start":{"line":282,"column":4},"end":{"line":282,"column":63}},"110":{"start":{"line":285,"column":4},"end":{"line":292,"column":42}},"111":{"start":{"line":288,"column":12},"end":{"line":290,"column":15}},"112":{"start":{"line":289,"column":16},"end":{"line":289,"column":67}},"113":{"start":{"line":292,"column":24},"end":{"line":292,"column":40}},"114":{"start":{"line":297,"column":14},"end":{"line":297,"column":26}},"115":{"start":{"line":298,"column":14},"end":{"line":298,"column":22}},"116":{"start":{"line":299,"column":18},"end":{"line":299,"column":45}},"117":{"start":{"line":301,"column":15},"end":{"line":301,"column":33}},"118":{"start":{"line":302,"column":4},"end":{"line":305,"column":40}},"119":{"start":{"line":303,"column":8},"end":{"line":303,"column":79}},"120":{"start":{"line":303,"column":33},"end":{"line":303,"column":63}},"121":{"start":{"line":305,"column":8},"end":{"line":305,"column":40}},"122":{"start":{"line":309,"column":22},"end":{"line":316,"column":6}},"123":{"start":{"line":318,"column":18},"end":{"line":318,"column":94}},"124":{"start":{"line":319,"column":15},"end":{"line":319,"column":147}},"125":{"start":{"line":321,"column":22},"end":{"line":326,"column":5}},"126":{"start":{"line":328,"column":4},"end":{"line":334,"column":7}},"127":{"start":{"line":329,"column":8},"end":{"line":333,"column":9}},"128":{"start":{"line":330,"column":12},"end":{"line":330,"column":31}},"129":{"start":{"line":332,"column":12},"end":{"line":332,"column":56}},"130":{"start":{"line":338,"column":22},"end":{"line":345,"column":6}},"131":{"start":{"line":347,"column":18},"end":{"line":347,"column":100}},"132":{"start":{"line":348,"column":15},"end":{"line":348,"column":132}},"133":{"start":{"line":350,"column":22},"end":{"line":355,"column":5}},"134":{"start":{"line":357,"column":4},"end":{"line":363,"column":7}},"135":{"start":{"line":358,"column":8},"end":{"line":362,"column":9}},"136":{"start":{"line":359,"column":12},"end":{"line":359,"column":31}},"137":{"start":{"line":361,"column":12},"end":{"line":361,"column":56}},"138":{"start":{"line":368,"column":22},"end":{"line":375,"column":6}},"139":{"start":{"line":377,"column":18},"end":{"line":377,"column":101}},"140":{"start":{"line":378,"column":15},"end":{"line":379,"column":93}},"141":{"start":{"line":381,"column":22},"end":{"line":386,"column":5}},"142":{"start":{"line":388,"column":4},"end":{"line":394,"column":7}},"143":{"start":{"line":389,"column":8},"end":{"line":393,"column":9}},"144":{"start":{"line":390,"column":12},"end":{"line":390,"column":31}},"145":{"start":{"line":392,"column":12},"end":{"line":392,"column":56}}},"fnMap":{"0":{"name":"(anonymous_0)","decl":{"start":{"line":29,"column":29},"end":{"line":29,"column":30}},"loc":{"start":{"line":29,"column":43},"end":{"line":51,"column":1}},"line":29},"1":{"name":"(anonymous_1)","decl":{"start":{"line":35,"column":14},"end":{"line":35,"column":15}},"loc":{"start":{"line":35,"column":26},"end":{"line":43,"column":9}},"line":35},"2":{"name":"(anonymous_2)","decl":{"start":{"line":44,"column":15},"end":{"line":44,"column":16}},"loc":{"start":{"line":44,"column":24},"end":{"line":49,"column":9}},"line":44},"3":{"name":"(anonymous_3)","decl":{"start":{"line":53,"column":30},"end":{"line":53,"column":31}},"loc":{"start":{"line":53,"column":44},"end":{"line":55,"column":1}},"line":53},"4":{"name":"(anonymous_4)","decl":{"start":{"line":63,"column":18},"end":{"line":63,"column":19}},"loc":{"start":{"line":63,"column":25},"end":{"line":63,"column":42}},"line":63},"5":{"name":"(anonymous_5)","decl":{"start":{"line":69,"column":8},"end":{"line":69,"column":9}},"loc":{"start":{"line":69,"column":39},"end":{"line":73,"column":1}},"line":69},"6":{"name":"(anonymous_6)","decl":{"start":{"line":76,"column":27},"end":{"line":76,"column":28}},"loc":{"start":{"line":76,"column":41},"end":{"line":81,"column":1}},"line":76},"7":{"name":"(anonymous_7)","decl":{"start":{"line":79,"column":14},"end":{"line":79,"column":15}},"loc":{"start":{"line":79,"column":24},"end":{"line":79,"column":153}},"line":79},"8":{"name":"(anonymous_8)","decl":{"start":{"line":80,"column":15},"end":{"line":80,"column":16}},"loc":{"start":{"line":80,"column":21},"end":{"line":80,"column":53}},"line":80},"9":{"name":"(anonymous_9)","decl":{"start":{"line":84,"column":49},"end":{"line":84,"column":50}},"loc":{"start":{"line":84,"column":63},"end":{"line":98,"column":1}},"line":84},"10":{"name":"(anonymous_10)","decl":{"start":{"line":86,"column":14},"end":{"line":86,"column":15}},"loc":{"start":{"line":86,"column":23},"end":{"line":92,"column":9}},"line":86},"11":{"name":"(anonymous_11)","decl":{"start":{"line":93,"column":15},"end":{"line":93,"column":16}},"loc":{"start":{"line":93,"column":24},"end":{"line":97,"column":9}},"line":93},"12":{"name":"(anonymous_12)","decl":{"start":{"line":120,"column":47},"end":{"line":120,"column":48}},"loc":{"start":{"line":120,"column":61},"end":{"line":134,"column":1}},"line":120},"13":{"name":"(anonymous_13)","decl":{"start":{"line":122,"column":14},"end":{"line":122,"column":15}},"loc":{"start":{"line":122,"column":23},"end":{"line":128,"column":9}},"line":122},"14":{"name":"(anonymous_14)","decl":{"start":{"line":129,"column":15},"end":{"line":129,"column":16}},"loc":{"start":{"line":129,"column":24},"end":{"line":133,"column":9}},"line":129},"15":{"name":"(anonymous_15)","decl":{"start":{"line":136,"column":29},"end":{"line":136,"column":30}},"loc":{"start":{"line":136,"column":43},"end":{"line":155,"column":1}},"line":136},"16":{"name":"(anonymous_16)","decl":{"start":{"line":138,"column":14},"end":{"line":138,"column":15}},"loc":{"start":{"line":138,"column":26},"end":{"line":151,"column":9}},"line":138},"17":{"name":"(anonymous_17)","decl":{"start":{"line":141,"column":22},"end":{"line":141,"column":23}},"loc":{"start":{"line":141,"column":32},"end":{"line":144,"column":17}},"line":141},"18":{"name":"(anonymous_18)","decl":{"start":{"line":145,"column":23},"end":{"line":145,"column":24}},"loc":{"start":{"line":145,"column":32},"end":{"line":147,"column":18}},"line":145},"19":{"name":"(anonymous_19)","decl":{"start":{"line":152,"column":15},"end":{"line":152,"column":16}},"loc":{"start":{"line":152,"column":24},"end":{"line":154,"column":10}},"line":152},"20":{"name":"(anonymous_20)","decl":{"start":{"line":157,"column":39},"end":{"line":157,"column":40}},"loc":{"start":{"line":157,"column":53},"end":{"line":171,"column":1}},"line":157},"21":{"name":"(anonymous_21)","decl":{"start":{"line":159,"column":14},"end":{"line":159,"column":15}},"loc":{"start":{"line":159,"column":24},"end":{"line":165,"column":9}},"line":159},"22":{"name":"(anonymous_22)","decl":{"start":{"line":166,"column":15},"end":{"line":166,"column":16}},"loc":{"start":{"line":166,"column":24},"end":{"line":170,"column":9}},"line":166},"23":{"name":"(anonymous_23)","decl":{"start":{"line":174,"column":45},"end":{"line":174,"column":46}},"loc":{"start":{"line":174,"column":59},"end":{"line":180,"column":1}},"line":174},"24":{"name":"(anonymous_24)","decl":{"start":{"line":176,"column":14},"end":{"line":176,"column":15}},"loc":{"start":{"line":176,"column":26},"end":{"line":176,"column":47}},"line":176},"25":{"name":"(anonymous_25)","decl":{"start":{"line":177,"column":15},"end":{"line":177,"column":16}},"loc":{"start":{"line":177,"column":24},"end":{"line":179,"column":10}},"line":177},"26":{"name":"(anonymous_26)","decl":{"start":{"line":182,"column":51},"end":{"line":182,"column":52}},"loc":{"start":{"line":182,"column":65},"end":{"line":196,"column":1}},"line":182},"27":{"name":"(anonymous_27)","decl":{"start":{"line":184,"column":14},"end":{"line":184,"column":15}},"loc":{"start":{"line":184,"column":20},"end":{"line":193,"column":9}},"line":184},"28":{"name":"(anonymous_28)","decl":{"start":{"line":186,"column":22},"end":{"line":186,"column":23}},"loc":{"start":{"line":186,"column":28},"end":{"line":190,"column":17}},"line":186},"29":{"name":"(anonymous_29)","decl":{"start":{"line":188,"column":30},"end":{"line":188,"column":31}},"loc":{"start":{"line":188,"column":49},"end":{"line":188,"column":77}},"line":188},"30":{"name":"(anonymous_30)","decl":{"start":{"line":189,"column":31},"end":{"line":189,"column":32}},"loc":{"start":{"line":189,"column":37},"end":{"line":189,"column":105}},"line":189},"31":{"name":"(anonymous_31)","decl":{"start":{"line":191,"column":23},"end":{"line":191,"column":24}},"loc":{"start":{"line":191,"column":29},"end":{"line":191,"column":32}},"line":191},"32":{"name":"(anonymous_32)","decl":{"start":{"line":194,"column":15},"end":{"line":194,"column":16}},"loc":{"start":{"line":194,"column":21},"end":{"line":194,"column":97}},"line":194},"33":{"name":"(anonymous_33)","decl":{"start":{"line":198,"column":57},"end":{"line":198,"column":58}},"loc":{"start":{"line":198,"column":71},"end":{"line":203,"column":1}},"line":198},"34":{"name":"(anonymous_34)","decl":{"start":{"line":201,"column":14},"end":{"line":201,"column":15}},"loc":{"start":{"line":201,"column":20},"end":{"line":201,"column":40}},"line":201},"35":{"name":"(anonymous_35)","decl":{"start":{"line":202,"column":15},"end":{"line":202,"column":16}},"loc":{"start":{"line":202,"column":21},"end":{"line":202,"column":91}},"line":202},"36":{"name":"(anonymous_36)","decl":{"start":{"line":205,"column":40},"end":{"line":205,"column":41}},"loc":{"start":{"line":205,"column":54},"end":{"line":215,"column":1}},"line":205},"37":{"name":"(anonymous_37)","decl":{"start":{"line":207,"column":14},"end":{"line":207,"column":15}},"loc":{"start":{"line":207,"column":27},"end":{"line":209,"column":9}},"line":207},"38":{"name":"(anonymous_38)","decl":{"start":{"line":210,"column":15},"end":{"line":210,"column":16}},"loc":{"start":{"line":210,"column":24},"end":{"line":214,"column":9}},"line":210},"39":{"name":"(anonymous_39)","decl":{"start":{"line":217,"column":50},"end":{"line":217,"column":51}},"loc":{"start":{"line":217,"column":64},"end":{"line":227,"column":1}},"line":217},"40":{"name":"(anonymous_40)","decl":{"start":{"line":219,"column":14},"end":{"line":219,"column":15}},"loc":{"start":{"line":219,"column":28},"end":{"line":221,"column":9}},"line":219},"41":{"name":"(anonymous_41)","decl":{"start":{"line":222,"column":15},"end":{"line":222,"column":16}},"loc":{"start":{"line":222,"column":24},"end":{"line":226,"column":9}},"line":222},"42":{"name":"(anonymous_42)","decl":{"start":{"line":229,"column":52},"end":{"line":229,"column":53}},"loc":{"start":{"line":229,"column":66},"end":{"line":239,"column":1}},"line":229},"43":{"name":"(anonymous_43)","decl":{"start":{"line":231,"column":14},"end":{"line":231,"column":15}},"loc":{"start":{"line":231,"column":28},"end":{"line":233,"column":9}},"line":231},"44":{"name":"(anonymous_44)","decl":{"start":{"line":234,"column":15},"end":{"line":234,"column":16}},"loc":{"start":{"line":234,"column":24},"end":{"line":238,"column":9}},"line":234},"45":{"name":"(anonymous_45)","decl":{"start":{"line":241,"column":48},"end":{"line":241,"column":49}},"loc":{"start":{"line":241,"column":62},"end":{"line":260,"column":1}},"line":241},"46":{"name":"(anonymous_46)","decl":{"start":{"line":243,"column":14},"end":{"line":243,"column":15}},"loc":{"start":{"line":243,"column":20},"end":{"line":254,"column":9}},"line":243},"47":{"name":"(anonymous_47)","decl":{"start":{"line":245,"column":22},"end":{"line":245,"column":23}},"loc":{"start":{"line":245,"column":35},"end":{"line":248,"column":17}},"line":245},"48":{"name":"(anonymous_48)","decl":{"start":{"line":249,"column":23},"end":{"line":249,"column":24}},"loc":{"start":{"line":249,"column":32},"end":{"line":253,"column":17}},"line":249},"49":{"name":"(anonymous_49)","decl":{"start":{"line":255,"column":15},"end":{"line":255,"column":16}},"loc":{"start":{"line":255,"column":24},"end":{"line":259,"column":9}},"line":255},"50":{"name":"(anonymous_50)","decl":{"start":{"line":263,"column":84},"end":{"line":263,"column":85}},"loc":{"start":{"line":263,"column":98},"end":{"line":268,"column":5}},"line":263},"51":{"name":"(anonymous_51)","decl":{"start":{"line":265,"column":14},"end":{"line":265,"column":15}},"loc":{"start":{"line":265,"column":24},"end":{"line":267,"column":9}},"line":265},"52":{"name":"(anonymous_52)","decl":{"start":{"line":270,"column":52},"end":{"line":270,"column":53}},"loc":{"start":{"line":270,"column":66},"end":{"line":279,"column":1}},"line":270},"53":{"name":"(anonymous_53)","decl":{"start":{"line":272,"column":10},"end":{"line":272,"column":11}},"loc":{"start":{"line":272,"column":16},"end":{"line":273,"column":31}},"line":272},"54":{"name":"(anonymous_54)","decl":{"start":{"line":274,"column":15},"end":{"line":274,"column":16}},"loc":{"start":{"line":274,"column":24},"end":{"line":278,"column":9}},"line":274},"55":{"name":"(anonymous_55)","decl":{"start":{"line":281,"column":34},"end":{"line":281,"column":35}},"loc":{"start":{"line":281,"column":40},"end":{"line":293,"column":1}},"line":281},"56":{"name":"(anonymous_56)","decl":{"start":{"line":286,"column":14},"end":{"line":286,"column":15}},"loc":{"start":{"line":286,"column":23},"end":{"line":291,"column":9}},"line":286},"57":{"name":"(anonymous_57)","decl":{"start":{"line":288,"column":24},"end":{"line":288,"column":25}},"loc":{"start":{"line":288,"column":37},"end":{"line":290,"column":13}},"line":288},"58":{"name":"(anonymous_58)","decl":{"start":{"line":292,"column":15},"end":{"line":292,"column":16}},"loc":{"start":{"line":292,"column":24},"end":{"line":292,"column":40}},"line":292},"59":{"name":"setTimer","decl":{"start":{"line":295,"column":9},"end":{"line":295,"column":17}},"loc":{"start":{"line":295,"column":39},"end":{"line":306,"column":1}},"line":295},"60":{"name":"(anonymous_60)","decl":{"start":{"line":303,"column":19},"end":{"line":303,"column":20}},"loc":{"start":{"line":303,"column":31},"end":{"line":303,"column":65}},"line":303},"61":{"name":"insertNotification","decl":{"start":{"line":308,"column":9},"end":{"line":308,"column":27}},"loc":{"start":{"line":308,"column":37},"end":{"line":335,"column":1}},"line":308},"62":{"name":"(anonymous_62)","decl":{"start":{"line":328,"column":38},"end":{"line":328,"column":39}},"loc":{"start":{"line":328,"column":61},"end":{"line":334,"column":5}},"line":328},"63":{"name":"sendMailToStudent","decl":{"start":{"line":337,"column":9},"end":{"line":337,"column":26}},"loc":{"start":{"line":337,"column":33},"end":{"line":364,"column":1}},"line":337},"64":{"name":"(anonymous_64)","decl":{"start":{"line":357,"column":38},"end":{"line":357,"column":39}},"loc":{"start":{"line":357,"column":61},"end":{"line":363,"column":5}},"line":357},"65":{"name":"sendCancelationMailToStudent","decl":{"start":{"line":367,"column":9},"end":{"line":367,"column":37}},"loc":{"start":{"line":367,"column":47},"end":{"line":395,"column":1}},"line":367},"66":{"name":"(anonymous_66)","decl":{"start":{"line":388,"column":38},"end":{"line":388,"column":39}},"loc":{"start":{"line":388,"column":61},"end":{"line":394,"column":5}},"line":388}},"branchMap":{"0":{"loc":{"start":{"line":36,"column":12},"end":{"line":42,"column":13}},"type":"if","locations":[{"start":{"line":36,"column":12},"end":{"line":42,"column":13}},{"start":{"line":36,"column":12},"end":{"line":42,"column":13}}],"line":36},"1":{"loc":{"start":{"line":45,"column":12},"end":{"line":48,"column":49}},"type":"if","locations":[{"start":{"line":45,"column":12},"end":{"line":48,"column":49}},{"start":{"line":45,"column":12},"end":{"line":48,"column":49}}],"line":45},"2":{"loc":{"start":{"line":70,"column":4},"end":{"line":72,"column":5}},"type":"if","locations":[{"start":{"line":70,"column":4},"end":{"line":72,"column":5}},{"start":{"line":70,"column":4},"end":{"line":72,"column":5}}],"line":70},"3":{"loc":{"start":{"line":87,"column":12},"end":{"line":91,"column":13}},"type":"if","locations":[{"start":{"line":87,"column":12},"end":{"line":91,"column":13}},{"start":{"line":87,"column":12},"end":{"line":91,"column":13}}],"line":87},"4":{"loc":{"start":{"line":123,"column":12},"end":{"line":127,"column":13}},"type":"if","locations":[{"start":{"line":123,"column":12},"end":{"line":127,"column":13}},{"start":{"line":123,"column":12},"end":{"line":127,"column":13}}],"line":123},"5":{"loc":{"start":{"line":160,"column":12},"end":{"line":164,"column":13}},"type":"if","locations":[{"start":{"line":160,"column":12},"end":{"line":164,"column":13}},{"start":{"line":160,"column":12},"end":{"line":164,"column":13}}],"line":160},"6":{"loc":{"start":{"line":302,"column":4},"end":{"line":305,"column":40}},"type":"if","locations":[{"start":{"line":302,"column":4},"end":{"line":305,"column":40}},{"start":{"line":302,"column":4},"end":{"line":305,"column":40}}],"line":302},"7":{"loc":{"start":{"line":329,"column":8},"end":{"line":333,"column":9}},"type":"if","locations":[{"start":{"line":329,"column":8},"end":{"line":333,"column":9}},{"start":{"line":329,"column":8},"end":{"line":333,"column":9}}],"line":329},"8":{"loc":{"start":{"line":358,"column":8},"end":{"line":362,"column":9}},"type":"if","locations":[{"start":{"line":358,"column":8},"end":{"line":362,"column":9}},{"start":{"line":358,"column":8},"end":{"line":362,"column":9}}],"line":358},"9":{"loc":{"start":{"line":389,"column":8},"end":{"line":393,"column":9}},"type":"if","locations":[{"start":{"line":389,"column":8},"end":{"line":393,"column":9}},{"start":{"line":389,"column":8},"end":{"line":393,"column":9}}],"line":389}},"s":{"0":1,"1":1,"2":1,"3":1,"4":1,"5":1,"6":1,"7":1,"8":1,"9":1,"10":1,"11":1,"12":1,"13":1,"14":1,"15":1,"16":1,"17":1,"18":1,"19":1,"20":1,"21":1,"22":1,"23":0,"24":1,"25":1,"26":1,"27":0,"28":0,"29":0,"30":1,"31":0,"32":1,"33":8,"34":1,"35":0,"36":0,"37":1,"38":1,"39":1,"40":1,"41":0,"42":1,"43":1,"44":1,"45":0,"46":1,"47":0,"48":1,"49":1,"50":1,"51":0,"52":1,"53":0,"54":1,"55":0,"56":0,"57":0,"58":0,"59":0,"60":0,"61":1,"62":1,"63":1,"64":0,"65":1,"66":0,"67":1,"68":0,"69":0,"70":0,"71":1,"72":1,"73":1,"74":1,"75":1,"76":0,"77":0,"78":1,"79":0,"80":0,"81":0,"82":1,"83":1,"84":1,"85":0,"86":1,"87":1,"88":1,"89":0,"90":1,"91":1,"92":1,"93":0,"94":1,"95":0,"96":0,"97":0,"98":0,"99":0,"100":0,"101":1,"102":0,"103":0,"104":1,"105":0,"106":0,"107":0,"108":1,"109":1,"110":1,"111":1,"112":29,"113":0,"114":29,"115":29,"116":29,"117":29,"118":29,"119":0,"120":0,"121":29,"122":0,"123":0,"124":0,"125":0,"126":0,"127":0,"128":0,"129":0,"130":0,"131":0,"132":0,"133":0,"134":0,"135":0,"136":0,"137":0,"138":0,"139":0,"140":0,"141":0,"142":0,"143":0,"144":0,"145":0},"f":{"0":1,"1":1,"2":0,"3":0,"4":8,"5":0,"6":1,"7":1,"8":0,"9":1,"10":1,"11":0,"12":1,"13":1,"14":0,"15":0,"16":0,"17":0,"18":0,"19":0,"20":1,"21":1,"22":0,"23":0,"24":0,"25":0,"26":1,"27":1,"28":1,"29":1,"30":0,"31":0,"32":0,"33":0,"34":0,"35":0,"36":1,"37":1,"38":0,"39":1,"40":1,"41":0,"42":1,"43":1,"44":0,"45":0,"46":0,"47":0,"48":0,"49":0,"50":0,"51":0,"52":0,"53":0,"54":0,"55":1,"56":1,"57":29,"58":0,"59":29,"60":0,"61":0,"62":0,"63":0,"64":0,"65":0,"66":0},"b":{"0":[0,1],"1":[0,0],"2":[0,0],"3":[0,1],"4":[0,1],"5":[0,1],"6":[0,29],"7":[0,0],"8":[0,0],"9":[0,0]},"_coverageSchema":"1a1c01bbd47fc00a2c39e90264f33305004495a9","hash":"f61af595f89159c4830090cbb2980f2de1014131"}
,"C:\\Users\\peppe\\Documents\\seatbooking\\Software-Engineering-2-team10\\server\\Entities\\BookingHistory.js": {"path":"C:\\Users\\peppe\\Documents\\seatbooking\\Software-Engineering-2-team10\\server\\Entities\\BookingHistory.js","statementMap":{"0":{"start":{"line":3,"column":8},"end":{"line":5,"column":9}},"1":{"start":{"line":4,"column":12},"end":{"line":4,"column":39}},"2":{"start":{"line":7,"column":8},"end":{"line":7,"column":33}},"3":{"start":{"line":8,"column":8},"end":{"line":8,"column":37}},"4":{"start":{"line":9,"column":8},"end":{"line":9,"column":39}},"5":{"start":{"line":10,"column":8},"end":{"line":10,"column":33}},"6":{"start":{"line":11,"column":8},"end":{"line":11,"column":31}},"7":{"start":{"line":12,"column":8},"end":{"line":12,"column":39}},"8":{"start":{"line":13,"column":8},"end":{"line":13,"column":47}},"9":{"start":{"line":14,"column":8},"end":{"line":14,"column":33}},"10":{"start":{"line":18,"column":0},"end":{"line":18,"column":32}}},"fnMap":{"0":{"name":"(anonymous_0)","decl":{"start":{"line":2,"column":4},"end":{"line":2,"column":5}},"loc":{"start":{"line":2,"column":116},"end":{"line":15,"column":5}},"line":2}},"branchMap":{"0":{"loc":{"start":{"line":3,"column":8},"end":{"line":5,"column":9}},"type":"if","locations":[{"start":{"line":3,"column":8},"end":{"line":5,"column":9}},{"start":{"line":3,"column":8},"end":{"line":5,"column":9}}],"line":3}},"s":{"0":2,"1":2,"2":2,"3":2,"4":2,"5":2,"6":2,"7":2,"8":2,"9":2,"10":2},"f":{"0":2},"b":{"0":[2,0]},"_coverageSchema":"1a1c01bbd47fc00a2c39e90264f33305004495a9","hash":"59e1f4e3136d0ce014a42fc4484f0ad8f5c7e179"}
,"C:\\Users\\peppe\\Documents\\seatbooking\\Software-Engineering-2-team10\\server\\Entities\\LecturesSchedule.js": {"path":"C:\\Users\\peppe\\Documents\\seatbooking\\Software-Engineering-2-team10\\server\\Entities\\LecturesSchedule.js","statementMap":{"0":{"start":{"line":3,"column":8},"end":{"line":5,"column":9}},"1":{"start":{"line":4,"column":12},"end":{"line":4,"column":39}},"2":{"start":{"line":7,"column":8},"end":{"line":7,"column":33}},"3":{"start":{"line":8,"column":8},"end":{"line":8,"column":39}},"4":{"start":{"line":9,"column":8},"end":{"line":9,"column":39}},"5":{"start":{"line":10,"column":8},"end":{"line":10,"column":37}},"6":{"start":{"line":11,"column":8},"end":{"line":11,"column":29}},"7":{"start":{"line":12,"column":8},"end":{"line":12,"column":31}},"8":{"start":{"line":13,"column":8},"end":{"line":13,"column":35}},"9":{"start":{"line":14,"column":8},"end":{"line":14,"column":41}},"10":{"start":{"line":18,"column":0},"end":{"line":18,"column":33}}},"fnMap":{"0":{"name":"(anonymous_0)","decl":{"start":{"line":2,"column":4},"end":{"line":2,"column":5}},"loc":{"start":{"line":2,"column":117},"end":{"line":15,"column":5}},"line":2}},"branchMap":{"0":{"loc":{"start":{"line":3,"column":8},"end":{"line":5,"column":9}},"type":"if","locations":[{"start":{"line":3,"column":8},"end":{"line":5,"column":9}},{"start":{"line":3,"column":8},"end":{"line":5,"column":9}}],"line":3}},"s":{"0":4,"1":4,"2":4,"3":4,"4":4,"5":4,"6":4,"7":4,"8":4,"9":4,"10":2},"f":{"0":4},"b":{"0":[4,0]},"_coverageSchema":"1a1c01bbd47fc00a2c39e90264f33305004495a9","hash":"ddb77617f36b5357d840a6e26e76d6760620090f"}
,"C:\\Users\\peppe\\Documents\\seatbooking\\Software-Engineering-2-team10\\server\\Entities\\StudentCourse.js": {"path":"C:\\Users\\peppe\\Documents\\seatbooking\\Software-Engineering-2-team10\\server\\Entities\\StudentCourse.js","statementMap":{"0":{"start":{"line":3,"column":8},"end":{"line":5,"column":9}},"1":{"start":{"line":4,"column":12},"end":{"line":4,"column":37}},"2":{"start":{"line":7,"column":8},"end":{"line":7,"column":25}},"3":{"start":{"line":8,"column":8},"end":{"line":8,"column":25}},"4":{"start":{"line":9,"column":8},"end":{"line":9,"column":33}},"5":{"start":{"line":10,"column":8},"end":{"line":10,"column":35}},"6":{"start":{"line":14,"column":0},"end":{"line":14,"column":31}}},"fnMap":{"0":{"name":"(anonymous_0)","decl":{"start":{"line":2,"column":4},"end":{"line":2,"column":5}},"loc":{"start":{"line":2,"column":59},"end":{"line":11,"column":5}},"line":2}},"branchMap":{"0":{"loc":{"start":{"line":3,"column":8},"end":{"line":5,"column":9}},"type":"if","locations":[{"start":{"line":3,"column":8},"end":{"line":5,"column":9}},{"start":{"line":3,"column":8},"end":{"line":5,"column":9}}],"line":3}},"s":{"0":3,"1":3,"2":3,"3":3,"4":3,"5":3,"6":2},"f":{"0":3},"b":{"0":[3,0]},"_coverageSchema":"1a1c01bbd47fc00a2c39e90264f33305004495a9","hash":"3710ef6b3c8d5525181b60c367421f2d38e77527"}
}
