{"C:\\Users\\mattc\\OneDrive\\Dokumente\\GitHub\\Software-Engineering-2-team10\\server\\dao.js": {"path":"C:\\Users\\mattc\\OneDrive\\Dokumente\\GitHub\\Software-Engineering-2-team10\\server\\dao.js","statementMap":{"0":{"start":{"line":3,"column":22},"end":{"line":3,"column":57}},"1":{"start":{"line":4,"column":25},"end":{"line":4,"column":63}},"2":{"start":{"line":5,"column":23},"end":{"line":5,"column":59}},"3":{"start":{"line":7,"column":15},"end":{"line":7,"column":33}},"4":{"start":{"line":8,"column":15},"end":{"line":8,"column":32}},"5":{"start":{"line":12,"column":0},"end":{"line":17,"column":1}},"6":{"start":{"line":13,"column":4},"end":{"line":16,"column":7}},"7":{"start":{"line":14,"column":8},"end":{"line":15,"column":22}},"8":{"start":{"line":15,"column":12},"end":{"line":15,"column":22}},"9":{"start":{"line":19,"column":28},"end":{"line":21,"column":1}},"10":{"start":{"line":20,"column":4},"end":{"line":20,"column":99}},"11":{"start":{"line":23,"column":32},"end":{"line":25,"column":1}},"12":{"start":{"line":24,"column":4},"end":{"line":24,"column":169}},"13":{"start":{"line":27,"column":29},"end":{"line":29,"column":1}},"14":{"start":{"line":28,"column":4},"end":{"line":28,"column":166}},"15":{"start":{"line":31,"column":0},"end":{"line":61,"column":1}},"16":{"start":{"line":32,"column":4},"end":{"line":60,"column":7}},"17":{"start":{"line":35,"column":7},"end":{"line":49,"column":9}},"18":{"start":{"line":51,"column":8},"end":{"line":59,"column":11}},"19":{"start":{"line":52,"column":12},"end":{"line":57,"column":13}},"20":{"start":{"line":53,"column":16},"end":{"line":53,"column":28}},"21":{"start":{"line":54,"column":16},"end":{"line":54,"column":23}},"22":{"start":{"line":56,"column":16},"end":{"line":56,"column":32}},"23":{"start":{"line":63,"column":0},"end":{"line":83,"column":1}},"24":{"start":{"line":64,"column":4},"end":{"line":82,"column":7}},"25":{"start":{"line":66,"column":7},"end":{"line":71,"column":9}},"26":{"start":{"line":73,"column":8},"end":{"line":81,"column":11}},"27":{"start":{"line":74,"column":12},"end":{"line":79,"column":13}},"28":{"start":{"line":75,"column":16},"end":{"line":75,"column":28}},"29":{"start":{"line":76,"column":16},"end":{"line":76,"column":23}},"30":{"start":{"line":78,"column":16},"end":{"line":78,"column":32}},"31":{"start":{"line":85,"column":0},"end":{"line":103,"column":1}},"32":{"start":{"line":86,"column":4},"end":{"line":102,"column":7}},"33":{"start":{"line":88,"column":7},"end":{"line":91,"column":9}},"34":{"start":{"line":93,"column":8},"end":{"line":101,"column":11}},"35":{"start":{"line":94,"column":12},"end":{"line":99,"column":13}},"36":{"start":{"line":95,"column":16},"end":{"line":95,"column":28}},"37":{"start":{"line":96,"column":16},"end":{"line":96,"column":23}},"38":{"start":{"line":98,"column":16},"end":{"line":98,"column":32}},"39":{"start":{"line":105,"column":0},"end":{"line":140,"column":2}},"40":{"start":{"line":107,"column":4},"end":{"line":139,"column":7}},"41":{"start":{"line":108,"column":20},"end":{"line":122,"column":37}},"42":{"start":{"line":124,"column":8},"end":{"line":138,"column":11}},"43":{"start":{"line":125,"column":12},"end":{"line":137,"column":13}},"44":{"start":{"line":126,"column":16},"end":{"line":126,"column":28}},"45":{"start":{"line":128,"column":38},"end":{"line":134,"column":19}},"46":{"start":{"line":128,"column":66},"end":{"line":134,"column":17}},"47":{"start":{"line":136,"column":16},"end":{"line":136,"column":39}},"48":{"start":{"line":142,"column":0},"end":{"line":156,"column":2}},"49":{"start":{"line":145,"column":4},"end":{"line":155,"column":7}},"50":{"start":{"line":146,"column":20},"end":{"line":146,"column":57}},"51":{"start":{"line":147,"column":8},"end":{"line":154,"column":11}},"52":{"start":{"line":148,"column":12},"end":{"line":153,"column":13}},"53":{"start":{"line":149,"column":16},"end":{"line":149,"column":28}},"54":{"start":{"line":152,"column":16},"end":{"line":152,"column":30}},"55":{"start":{"line":158,"column":0},"end":{"line":180,"column":2}},"56":{"start":{"line":159,"column":4},"end":{"line":179,"column":7}},"57":{"start":{"line":160,"column":20},"end":{"line":160,"column":116}},"58":{"start":{"line":161,"column":8},"end":{"line":178,"column":11}},"59":{"start":{"line":162,"column":12},"end":{"line":177,"column":13}},"60":{"start":{"line":163,"column":16},"end":{"line":163,"column":28}},"61":{"start":{"line":165,"column":16},"end":{"line":176,"column":17}},"62":{"start":{"line":166,"column":20},"end":{"line":166,"column":32}},"63":{"start":{"line":169,"column":20},"end":{"line":175,"column":23}},"64":{"start":{"line":170,"column":24},"end":{"line":174,"column":25}},"65":{"start":{"line":171,"column":28},"end":{"line":171,"column":40}},"66":{"start":{"line":173,"column":28},"end":{"line":173,"column":133}},"67":{"start":{"line":185,"column":0},"end":{"line":201,"column":1}},"68":{"start":{"line":186,"column":4},"end":{"line":200,"column":7}},"69":{"start":{"line":187,"column":20},"end":{"line":189,"column":29}},"70":{"start":{"line":190,"column":8},"end":{"line":199,"column":11}},"71":{"start":{"line":191,"column":12},"end":{"line":198,"column":13}},"72":{"start":{"line":192,"column":16},"end":{"line":192,"column":28}},"73":{"start":{"line":193,"column":17},"end":{"line":198,"column":13}},"74":{"start":{"line":194,"column":16},"end":{"line":194,"column":35}},"75":{"start":{"line":196,"column":27},"end":{"line":196,"column":70}},"76":{"start":{"line":196,"column":45},"end":{"line":196,"column":69}},"77":{"start":{"line":197,"column":16},"end":{"line":197,"column":30}},"78":{"start":{"line":206,"column":0},"end":{"line":243,"column":1}},"79":{"start":{"line":207,"column":4},"end":{"line":242,"column":7}},"80":{"start":{"line":208,"column":26},"end":{"line":208,"column":34}},"81":{"start":{"line":209,"column":23},"end":{"line":209,"column":89}},"82":{"start":{"line":210,"column":22},"end":{"line":210,"column":93}},"83":{"start":{"line":212,"column":20},"end":{"line":224,"column":9}},"84":{"start":{"line":226,"column":8},"end":{"line":241,"column":11}},"85":{"start":{"line":227,"column":12},"end":{"line":240,"column":13}},"86":{"start":{"line":230,"column":16},"end":{"line":230,"column":28}},"87":{"start":{"line":232,"column":17},"end":{"line":240,"column":13}},"88":{"start":{"line":234,"column":16},"end":{"line":234,"column":35}},"89":{"start":{"line":237,"column":16},"end":{"line":237,"column":33}},"90":{"start":{"line":238,"column":27},"end":{"line":238,"column":74}},"91":{"start":{"line":238,"column":45},"end":{"line":238,"column":73}},"92":{"start":{"line":239,"column":16},"end":{"line":239,"column":30}},"93":{"start":{"line":248,"column":0},"end":{"line":293,"column":1}},"94":{"start":{"line":249,"column":4},"end":{"line":292,"column":7}},"95":{"start":{"line":250,"column":33},"end":{"line":250,"column":148}},"96":{"start":{"line":251,"column":8},"end":{"line":291,"column":11}},"97":{"start":{"line":252,"column":12},"end":{"line":290,"column":13}},"98":{"start":{"line":253,"column":16},"end":{"line":253,"column":28}},"99":{"start":{"line":254,"column":17},"end":{"line":290,"column":13}},"100":{"start":{"line":255,"column":36},"end":{"line":255,"column":126}},"101":{"start":{"line":256,"column":16},"end":{"line":287,"column":19}},"102":{"start":{"line":257,"column":20},"end":{"line":286,"column":21}},"103":{"start":{"line":258,"column":24},"end":{"line":258,"column":36}},"104":{"start":{"line":259,"column":25},"end":{"line":286,"column":21}},"105":{"start":{"line":260,"column":24},"end":{"line":260,"column":43}},"106":{"start":{"line":262,"column":39},"end":{"line":262,"column":55}},"107":{"start":{"line":263,"column":48},"end":{"line":265,"column":80}},"108":{"start":{"line":266,"column":24},"end":{"line":285,"column":27}},"109":{"start":{"line":267,"column":28},"end":{"line":284,"column":29}},"110":{"start":{"line":268,"column":32},"end":{"line":268,"column":44}},"111":{"start":{"line":269,"column":33},"end":{"line":284,"column":29}},"112":{"start":{"line":270,"column":32},"end":{"line":270,"column":51}},"113":{"start":{"line":272,"column":50},"end":{"line":272,"column":69}},"114":{"start":{"line":273,"column":32},"end":{"line":283,"column":33}},"115":{"start":{"line":274,"column":52},"end":{"line":274,"column":164}},"116":{"start":{"line":275,"column":36},"end":{"line":280,"column":39}},"117":{"start":{"line":276,"column":40},"end":{"line":279,"column":58}},"118":{"start":{"line":277,"column":44},"end":{"line":277,"column":56}},"119":{"start":{"line":279,"column":44},"end":{"line":279,"column":58}},"120":{"start":{"line":282,"column":36},"end":{"line":282,"column":51}},"121":{"start":{"line":289,"column":16},"end":{"line":289,"column":28}},"122":{"start":{"line":298,"column":0},"end":{"line":331,"column":1}},"123":{"start":{"line":299,"column":4},"end":{"line":330,"column":7}},"124":{"start":{"line":300,"column":26},"end":{"line":300,"column":34}},"125":{"start":{"line":301,"column":23},"end":{"line":301,"column":89}},"126":{"start":{"line":302,"column":22},"end":{"line":302,"column":93}},"127":{"start":{"line":304,"column":20},"end":{"line":316,"column":28}},"128":{"start":{"line":317,"column":8},"end":{"line":329,"column":11}},"129":{"start":{"line":318,"column":12},"end":{"line":328,"column":13}},"130":{"start":{"line":319,"column":16},"end":{"line":319,"column":33}},"131":{"start":{"line":320,"column":16},"end":{"line":320,"column":28}},"132":{"start":{"line":323,"column":17},"end":{"line":328,"column":13}},"133":{"start":{"line":324,"column":16},"end":{"line":324,"column":35}},"134":{"start":{"line":326,"column":28},"end":{"line":326,"column":72}},"135":{"start":{"line":326,"column":46},"end":{"line":326,"column":71}},"136":{"start":{"line":327,"column":16},"end":{"line":327,"column":31}},"137":{"start":{"line":336,"column":0},"end":{"line":347,"column":1}},"138":{"start":{"line":337,"column":4},"end":{"line":346,"column":7}},"139":{"start":{"line":338,"column":20},"end":{"line":338,"column":85}},"140":{"start":{"line":339,"column":8},"end":{"line":345,"column":10}},"141":{"start":{"line":340,"column":12},"end":{"line":344,"column":30}},"142":{"start":{"line":341,"column":16},"end":{"line":341,"column":28}},"143":{"start":{"line":344,"column":16},"end":{"line":344,"column":30}},"144":{"start":{"line":352,"column":0},"end":{"line":369,"column":1}},"145":{"start":{"line":353,"column":4},"end":{"line":368,"column":7}},"146":{"start":{"line":354,"column":20},"end":{"line":360,"column":29}},"147":{"start":{"line":361,"column":8},"end":{"line":367,"column":11}},"148":{"start":{"line":362,"column":12},"end":{"line":366,"column":13}},"149":{"start":{"line":363,"column":16},"end":{"line":363,"column":28}},"150":{"start":{"line":365,"column":16},"end":{"line":365,"column":30}},"151":{"start":{"line":389,"column":0},"end":{"line":403,"column":1}},"152":{"start":{"line":390,"column":4},"end":{"line":402,"column":7}},"153":{"start":{"line":391,"column":20},"end":{"line":394,"column":28}},"154":{"start":{"line":395,"column":8},"end":{"line":401,"column":11}},"155":{"start":{"line":396,"column":12},"end":{"line":400,"column":13}},"156":{"start":{"line":397,"column":16},"end":{"line":397,"column":28}},"157":{"start":{"line":399,"column":16},"end":{"line":399,"column":30}},"158":{"start":{"line":405,"column":0},"end":{"line":421,"column":1}},"159":{"start":{"line":406,"column":4},"end":{"line":420,"column":7}},"160":{"start":{"line":407,"column":20},"end":{"line":412,"column":28}},"161":{"start":{"line":413,"column":8},"end":{"line":419,"column":11}},"162":{"start":{"line":414,"column":12},"end":{"line":418,"column":13}},"163":{"start":{"line":415,"column":16},"end":{"line":415,"column":28}},"164":{"start":{"line":417,"column":16},"end":{"line":417,"column":30}},"165":{"start":{"line":423,"column":0},"end":{"line":438,"column":1}},"166":{"start":{"line":424,"column":4},"end":{"line":437,"column":7}},"167":{"start":{"line":425,"column":20},"end":{"line":429,"column":22}},"168":{"start":{"line":430,"column":8},"end":{"line":436,"column":11}},"169":{"start":{"line":431,"column":12},"end":{"line":435,"column":13}},"170":{"start":{"line":432,"column":16},"end":{"line":432,"column":28}},"171":{"start":{"line":434,"column":16},"end":{"line":434,"column":30}},"172":{"start":{"line":440,"column":0},"end":{"line":455,"column":1}},"173":{"start":{"line":441,"column":4},"end":{"line":454,"column":7}},"174":{"start":{"line":442,"column":20},"end":{"line":446,"column":51}},"175":{"start":{"line":447,"column":8},"end":{"line":453,"column":11}},"176":{"start":{"line":448,"column":12},"end":{"line":452,"column":13}},"177":{"start":{"line":449,"column":16},"end":{"line":449,"column":28}},"178":{"start":{"line":451,"column":16},"end":{"line":451,"column":30}},"179":{"start":{"line":457,"column":0},"end":{"line":468,"column":1}},"180":{"start":{"line":458,"column":4},"end":{"line":467,"column":7}},"181":{"start":{"line":459,"column":20},"end":{"line":459,"column":111}},"182":{"start":{"line":460,"column":8},"end":{"line":466,"column":10}},"183":{"start":{"line":461,"column":12},"end":{"line":465,"column":30}},"184":{"start":{"line":462,"column":16},"end":{"line":462,"column":28}},"185":{"start":{"line":465,"column":16},"end":{"line":465,"column":30}},"186":{"start":{"line":470,"column":0},"end":{"line":489,"column":1}},"187":{"start":{"line":471,"column":4},"end":{"line":488,"column":7}},"188":{"start":{"line":472,"column":20},"end":{"line":480,"column":28}},"189":{"start":{"line":481,"column":8},"end":{"line":487,"column":11}},"190":{"start":{"line":482,"column":12},"end":{"line":486,"column":13}},"191":{"start":{"line":483,"column":16},"end":{"line":483,"column":28}},"192":{"start":{"line":485,"column":16},"end":{"line":485,"column":30}},"193":{"start":{"line":491,"column":0},"end":{"line":502,"column":1}},"194":{"start":{"line":492,"column":4},"end":{"line":501,"column":7}},"195":{"start":{"line":493,"column":20},"end":{"line":493,"column":71}},"196":{"start":{"line":494,"column":8},"end":{"line":500,"column":10}},"197":{"start":{"line":495,"column":12},"end":{"line":499,"column":30}},"198":{"start":{"line":496,"column":16},"end":{"line":496,"column":28}},"199":{"start":{"line":499,"column":16},"end":{"line":499,"column":30}}},"fnMap":{"0":{"name":"(anonymous_0)","decl":{"start":{"line":12,"column":16},"end":{"line":12,"column":17}},"loc":{"start":{"line":12,"column":32},"end":{"line":17,"column":1}},"line":12},"1":{"name":"(anonymous_1)","decl":{"start":{"line":13,"column":37},"end":{"line":13,"column":38}},"loc":{"start":{"line":13,"column":46},"end":{"line":16,"column":5}},"line":13},"2":{"name":"(anonymous_2)","decl":{"start":{"line":19,"column":28},"end":{"line":19,"column":29}},"loc":{"start":{"line":19,"column":43},"end":{"line":21,"column":1}},"line":19},"3":{"name":"(anonymous_3)","decl":{"start":{"line":23,"column":32},"end":{"line":23,"column":33}},"loc":{"start":{"line":23,"column":47},"end":{"line":25,"column":1}},"line":23},"4":{"name":"(anonymous_4)","decl":{"start":{"line":27,"column":29},"end":{"line":27,"column":30}},"loc":{"start":{"line":27,"column":44},"end":{"line":29,"column":1}},"line":27},"5":{"name":"(anonymous_5)","decl":{"start":{"line":31,"column":28},"end":{"line":31,"column":29}},"loc":{"start":{"line":31,"column":45},"end":{"line":61,"column":1}},"line":31},"6":{"name":"(anonymous_6)","decl":{"start":{"line":32,"column":23},"end":{"line":32,"column":24}},"loc":{"start":{"line":32,"column":44},"end":{"line":60,"column":5}},"line":32},"7":{"name":"(anonymous_7)","decl":{"start":{"line":51,"column":30},"end":{"line":51,"column":31}},"loc":{"start":{"line":51,"column":45},"end":{"line":59,"column":9}},"line":51},"8":{"name":"(anonymous_8)","decl":{"start":{"line":63,"column":24},"end":{"line":63,"column":25}},"loc":{"start":{"line":63,"column":41},"end":{"line":83,"column":1}},"line":63},"9":{"name":"(anonymous_9)","decl":{"start":{"line":64,"column":23},"end":{"line":64,"column":24}},"loc":{"start":{"line":64,"column":44},"end":{"line":82,"column":5}},"line":64},"10":{"name":"(anonymous_10)","decl":{"start":{"line":73,"column":30},"end":{"line":73,"column":31}},"loc":{"start":{"line":73,"column":45},"end":{"line":81,"column":9}},"line":73},"11":{"name":"(anonymous_11)","decl":{"start":{"line":85,"column":29},"end":{"line":85,"column":30}},"loc":{"start":{"line":85,"column":46},"end":{"line":103,"column":1}},"line":85},"12":{"name":"(anonymous_12)","decl":{"start":{"line":86,"column":23},"end":{"line":86,"column":24}},"loc":{"start":{"line":86,"column":44},"end":{"line":102,"column":5}},"line":86},"13":{"name":"(anonymous_13)","decl":{"start":{"line":93,"column":30},"end":{"line":93,"column":31}},"loc":{"start":{"line":93,"column":45},"end":{"line":101,"column":9}},"line":93},"14":{"name":"(anonymous_14)","decl":{"start":{"line":105,"column":26},"end":{"line":105,"column":27}},"loc":{"start":{"line":105,"column":44},"end":{"line":140,"column":1}},"line":105},"15":{"name":"(anonymous_15)","decl":{"start":{"line":107,"column":23},"end":{"line":107,"column":24}},"loc":{"start":{"line":107,"column":44},"end":{"line":139,"column":5}},"line":107},"16":{"name":"(anonymous_16)","decl":{"start":{"line":124,"column":30},"end":{"line":124,"column":31}},"loc":{"start":{"line":124,"column":45},"end":{"line":138,"column":9}},"line":124},"17":{"name":"(anonymous_17)","decl":{"start":{"line":128,"column":47},"end":{"line":128,"column":48}},"loc":{"start":{"line":128,"column":66},"end":{"line":134,"column":17}},"line":128},"18":{"name":"(anonymous_18)","decl":{"start":{"line":142,"column":22},"end":{"line":142,"column":23}},"loc":{"start":{"line":142,"column":42},"end":{"line":156,"column":1}},"line":142},"19":{"name":"(anonymous_19)","decl":{"start":{"line":145,"column":23},"end":{"line":145,"column":24}},"loc":{"start":{"line":145,"column":44},"end":{"line":155,"column":5}},"line":145},"20":{"name":"(anonymous_20)","decl":{"start":{"line":147,"column":32},"end":{"line":147,"column":33}},"loc":{"start":{"line":147,"column":47},"end":{"line":154,"column":9}},"line":147},"21":{"name":"(anonymous_21)","decl":{"start":{"line":158,"column":16},"end":{"line":158,"column":17}},"loc":{"start":{"line":158,"column":46},"end":{"line":180,"column":1}},"line":158},"22":{"name":"(anonymous_22)","decl":{"start":{"line":159,"column":23},"end":{"line":159,"column":24}},"loc":{"start":{"line":159,"column":44},"end":{"line":179,"column":5}},"line":159},"23":{"name":"(anonymous_23)","decl":{"start":{"line":161,"column":32},"end":{"line":161,"column":33}},"loc":{"start":{"line":161,"column":46},"end":{"line":178,"column":9}},"line":161},"24":{"name":"(anonymous_24)","decl":{"start":{"line":169,"column":59},"end":{"line":169,"column":60}},"loc":{"start":{"line":169,"column":82},"end":{"line":175,"column":21}},"line":169},"25":{"name":"(anonymous_25)","decl":{"start":{"line":185,"column":35},"end":{"line":185,"column":36}},"loc":{"start":{"line":185,"column":49},"end":{"line":201,"column":1}},"line":185},"26":{"name":"(anonymous_26)","decl":{"start":{"line":186,"column":23},"end":{"line":186,"column":24}},"loc":{"start":{"line":186,"column":44},"end":{"line":200,"column":5}},"line":186},"27":{"name":"(anonymous_27)","decl":{"start":{"line":190,"column":26},"end":{"line":190,"column":27}},"loc":{"start":{"line":190,"column":41},"end":{"line":199,"column":9}},"line":190},"28":{"name":"(anonymous_28)","decl":{"start":{"line":196,"column":36},"end":{"line":196,"column":37}},"loc":{"start":{"line":196,"column":45},"end":{"line":196,"column":69}},"line":196},"29":{"name":"(anonymous_29)","decl":{"start":{"line":206,"column":31},"end":{"line":206,"column":32}},"loc":{"start":{"line":206,"column":53},"end":{"line":243,"column":1}},"line":206},"30":{"name":"(anonymous_30)","decl":{"start":{"line":207,"column":23},"end":{"line":207,"column":24}},"loc":{"start":{"line":207,"column":44},"end":{"line":242,"column":5}},"line":207},"31":{"name":"(anonymous_31)","decl":{"start":{"line":226,"column":87},"end":{"line":226,"column":88}},"loc":{"start":{"line":226,"column":102},"end":{"line":241,"column":9}},"line":226},"32":{"name":"(anonymous_32)","decl":{"start":{"line":238,"column":36},"end":{"line":238,"column":37}},"loc":{"start":{"line":238,"column":45},"end":{"line":238,"column":73}},"line":238},"33":{"name":"(anonymous_33)","decl":{"start":{"line":248,"column":22},"end":{"line":248,"column":23}},"loc":{"start":{"line":248,"column":65},"end":{"line":293,"column":1}},"line":248},"34":{"name":"(anonymous_34)","decl":{"start":{"line":249,"column":23},"end":{"line":249,"column":24}},"loc":{"start":{"line":249,"column":44},"end":{"line":292,"column":5}},"line":249},"35":{"name":"(anonymous_35)","decl":{"start":{"line":251,"column":54},"end":{"line":251,"column":55}},"loc":{"start":{"line":251,"column":69},"end":{"line":291,"column":9}},"line":251},"36":{"name":"(anonymous_36)","decl":{"start":{"line":256,"column":49},"end":{"line":256,"column":50}},"loc":{"start":{"line":256,"column":64},"end":{"line":287,"column":17}},"line":256},"37":{"name":"(anonymous_37)","decl":{"start":{"line":266,"column":61},"end":{"line":266,"column":62}},"loc":{"start":{"line":266,"column":76},"end":{"line":285,"column":25}},"line":266},"38":{"name":"(anonymous_38)","decl":{"start":{"line":275,"column":87},"end":{"line":275,"column":88}},"loc":{"start":{"line":275,"column":102},"end":{"line":280,"column":37}},"line":275},"39":{"name":"(anonymous_39)","decl":{"start":{"line":298,"column":28},"end":{"line":298,"column":29}},"loc":{"start":{"line":298,"column":42},"end":{"line":331,"column":1}},"line":298},"40":{"name":"(anonymous_40)","decl":{"start":{"line":299,"column":23},"end":{"line":299,"column":24}},"loc":{"start":{"line":299,"column":44},"end":{"line":330,"column":5}},"line":299},"41":{"name":"(anonymous_41)","decl":{"start":{"line":317,"column":26},"end":{"line":317,"column":27}},"loc":{"start":{"line":317,"column":41},"end":{"line":329,"column":9}},"line":317},"42":{"name":"(anonymous_42)","decl":{"start":{"line":326,"column":37},"end":{"line":326,"column":38}},"loc":{"start":{"line":326,"column":46},"end":{"line":326,"column":71}},"line":326},"43":{"name":"(anonymous_43)","decl":{"start":{"line":336,"column":28},"end":{"line":336,"column":29}},"loc":{"start":{"line":336,"column":42},"end":{"line":347,"column":1}},"line":336},"44":{"name":"(anonymous_44)","decl":{"start":{"line":337,"column":23},"end":{"line":337,"column":24}},"loc":{"start":{"line":337,"column":44},"end":{"line":346,"column":5}},"line":337},"45":{"name":"(anonymous_45)","decl":{"start":{"line":339,"column":65},"end":{"line":339,"column":66}},"loc":{"start":{"line":339,"column":74},"end":{"line":345,"column":9}},"line":339},"46":{"name":"(anonymous_46)","decl":{"start":{"line":352,"column":25},"end":{"line":352,"column":26}},"loc":{"start":{"line":352,"column":37},"end":{"line":369,"column":1}},"line":352},"47":{"name":"(anonymous_47)","decl":{"start":{"line":353,"column":23},"end":{"line":353,"column":24}},"loc":{"start":{"line":353,"column":44},"end":{"line":368,"column":5}},"line":353},"48":{"name":"(anonymous_48)","decl":{"start":{"line":361,"column":24},"end":{"line":361,"column":25}},"loc":{"start":{"line":361,"column":39},"end":{"line":367,"column":9}},"line":361},"49":{"name":"(anonymous_49)","decl":{"start":{"line":389,"column":28},"end":{"line":389,"column":29}},"loc":{"start":{"line":389,"column":42},"end":{"line":403,"column":1}},"line":389},"50":{"name":"(anonymous_50)","decl":{"start":{"line":390,"column":23},"end":{"line":390,"column":24}},"loc":{"start":{"line":390,"column":44},"end":{"line":402,"column":5}},"line":390},"51":{"name":"(anonymous_51)","decl":{"start":{"line":395,"column":26},"end":{"line":395,"column":27}},"loc":{"start":{"line":395,"column":41},"end":{"line":401,"column":9}},"line":395},"52":{"name":"(anonymous_52)","decl":{"start":{"line":405,"column":28},"end":{"line":405,"column":29}},"loc":{"start":{"line":405,"column":53},"end":{"line":421,"column":1}},"line":405},"53":{"name":"(anonymous_53)","decl":{"start":{"line":406,"column":23},"end":{"line":406,"column":24}},"loc":{"start":{"line":406,"column":44},"end":{"line":420,"column":5}},"line":406},"54":{"name":"(anonymous_54)","decl":{"start":{"line":413,"column":37},"end":{"line":413,"column":38}},"loc":{"start":{"line":413,"column":52},"end":{"line":419,"column":9}},"line":413},"55":{"name":"(anonymous_55)","decl":{"start":{"line":423,"column":29},"end":{"line":423,"column":30}},"loc":{"start":{"line":423,"column":43},"end":{"line":438,"column":1}},"line":423},"56":{"name":"(anonymous_56)","decl":{"start":{"line":424,"column":23},"end":{"line":424,"column":24}},"loc":{"start":{"line":424,"column":44},"end":{"line":437,"column":5}},"line":424},"57":{"name":"(anonymous_57)","decl":{"start":{"line":430,"column":26},"end":{"line":430,"column":27}},"loc":{"start":{"line":430,"column":41},"end":{"line":436,"column":9}},"line":430},"58":{"name":"(anonymous_58)","decl":{"start":{"line":440,"column":28},"end":{"line":440,"column":29}},"loc":{"start":{"line":440,"column":55},"end":{"line":455,"column":1}},"line":440},"59":{"name":"(anonymous_59)","decl":{"start":{"line":441,"column":23},"end":{"line":441,"column":24}},"loc":{"start":{"line":441,"column":44},"end":{"line":454,"column":5}},"line":441},"60":{"name":"(anonymous_60)","decl":{"start":{"line":447,"column":41},"end":{"line":447,"column":42}},"loc":{"start":{"line":447,"column":56},"end":{"line":453,"column":9}},"line":447},"61":{"name":"(anonymous_61)","decl":{"start":{"line":457,"column":24},"end":{"line":457,"column":25}},"loc":{"start":{"line":457,"column":45},"end":{"line":468,"column":1}},"line":457},"62":{"name":"(anonymous_62)","decl":{"start":{"line":458,"column":23},"end":{"line":458,"column":24}},"loc":{"start":{"line":458,"column":44},"end":{"line":467,"column":5}},"line":458},"63":{"name":"(anonymous_63)","decl":{"start":{"line":460,"column":33},"end":{"line":460,"column":34}},"loc":{"start":{"line":460,"column":42},"end":{"line":466,"column":9}},"line":460},"64":{"name":"(anonymous_64)","decl":{"start":{"line":470,"column":34},"end":{"line":470,"column":35}},"loc":{"start":{"line":470,"column":53},"end":{"line":489,"column":1}},"line":470},"65":{"name":"(anonymous_65)","decl":{"start":{"line":471,"column":23},"end":{"line":471,"column":24}},"loc":{"start":{"line":471,"column":44},"end":{"line":488,"column":5}},"line":471},"66":{"name":"(anonymous_66)","decl":{"start":{"line":481,"column":33},"end":{"line":481,"column":34}},"loc":{"start":{"line":481,"column":48},"end":{"line":487,"column":9}},"line":481},"67":{"name":"(anonymous_67)","decl":{"start":{"line":491,"column":28},"end":{"line":491,"column":29}},"loc":{"start":{"line":491,"column":49},"end":{"line":502,"column":1}},"line":491},"68":{"name":"(anonymous_68)","decl":{"start":{"line":492,"column":23},"end":{"line":492,"column":24}},"loc":{"start":{"line":492,"column":44},"end":{"line":501,"column":5}},"line":492},"69":{"name":"(anonymous_69)","decl":{"start":{"line":494,"column":33},"end":{"line":494,"column":34}},"loc":{"start":{"line":494,"column":42},"end":{"line":500,"column":9}},"line":494}},"branchMap":{"0":{"loc":{"start":{"line":14,"column":8},"end":{"line":15,"column":22}},"type":"if","locations":[{"start":{"line":14,"column":8},"end":{"line":15,"column":22}},{"start":{"line":14,"column":8},"end":{"line":15,"column":22}}],"line":14},"1":{"loc":{"start":{"line":52,"column":12},"end":{"line":57,"column":13}},"type":"if","locations":[{"start":{"line":52,"column":12},"end":{"line":57,"column":13}},{"start":{"line":52,"column":12},"end":{"line":57,"column":13}}],"line":52},"2":{"loc":{"start":{"line":74,"column":12},"end":{"line":79,"column":13}},"type":"if","locations":[{"start":{"line":74,"column":12},"end":{"line":79,"column":13}},{"start":{"line":74,"column":12},"end":{"line":79,"column":13}}],"line":74},"3":{"loc":{"start":{"line":94,"column":12},"end":{"line":99,"column":13}},"type":"if","locations":[{"start":{"line":94,"column":12},"end":{"line":99,"column":13}},{"start":{"line":94,"column":12},"end":{"line":99,"column":13}}],"line":94},"4":{"loc":{"start":{"line":125,"column":12},"end":{"line":137,"column":13}},"type":"if","locations":[{"start":{"line":125,"column":12},"end":{"line":137,"column":13}},{"start":{"line":125,"column":12},"end":{"line":137,"column":13}}],"line":125},"5":{"loc":{"start":{"line":148,"column":12},"end":{"line":153,"column":13}},"type":"if","locations":[{"start":{"line":148,"column":12},"end":{"line":153,"column":13}},{"start":{"line":148,"column":12},"end":{"line":153,"column":13}}],"line":148},"6":{"loc":{"start":{"line":162,"column":12},"end":{"line":177,"column":13}},"type":"if","locations":[{"start":{"line":162,"column":12},"end":{"line":177,"column":13}},{"start":{"line":162,"column":12},"end":{"line":177,"column":13}}],"line":162},"7":{"loc":{"start":{"line":165,"column":16},"end":{"line":176,"column":17}},"type":"if","locations":[{"start":{"line":165,"column":16},"end":{"line":176,"column":17}},{"start":{"line":165,"column":16},"end":{"line":176,"column":17}}],"line":165},"8":{"loc":{"start":{"line":170,"column":24},"end":{"line":174,"column":25}},"type":"if","locations":[{"start":{"line":170,"column":24},"end":{"line":174,"column":25}},{"start":{"line":170,"column":24},"end":{"line":174,"column":25}}],"line":170},"9":{"loc":{"start":{"line":191,"column":12},"end":{"line":198,"column":13}},"type":"if","locations":[{"start":{"line":191,"column":12},"end":{"line":198,"column":13}},{"start":{"line":191,"column":12},"end":{"line":198,"column":13}}],"line":191},"10":{"loc":{"start":{"line":193,"column":17},"end":{"line":198,"column":13}},"type":"if","locations":[{"start":{"line":193,"column":17},"end":{"line":198,"column":13}},{"start":{"line":193,"column":17},"end":{"line":198,"column":13}}],"line":193},"11":{"loc":{"start":{"line":227,"column":12},"end":{"line":240,"column":13}},"type":"if","locations":[{"start":{"line":227,"column":12},"end":{"line":240,"column":13}},{"start":{"line":227,"column":12},"end":{"line":240,"column":13}}],"line":227},"12":{"loc":{"start":{"line":232,"column":17},"end":{"line":240,"column":13}},"type":"if","locations":[{"start":{"line":232,"column":17},"end":{"line":240,"column":13}},{"start":{"line":232,"column":17},"end":{"line":240,"column":13}}],"line":232},"13":{"loc":{"start":{"line":252,"column":12},"end":{"line":290,"column":13}},"type":"if","locations":[{"start":{"line":252,"column":12},"end":{"line":290,"column":13}},{"start":{"line":252,"column":12},"end":{"line":290,"column":13}}],"line":252},"14":{"loc":{"start":{"line":254,"column":17},"end":{"line":290,"column":13}},"type":"if","locations":[{"start":{"line":254,"column":17},"end":{"line":290,"column":13}},{"start":{"line":254,"column":17},"end":{"line":290,"column":13}}],"line":254},"15":{"loc":{"start":{"line":257,"column":20},"end":{"line":286,"column":21}},"type":"if","locations":[{"start":{"line":257,"column":20},"end":{"line":286,"column":21}},{"start":{"line":257,"column":20},"end":{"line":286,"column":21}}],"line":257},"16":{"loc":{"start":{"line":259,"column":25},"end":{"line":286,"column":21}},"type":"if","locations":[{"start":{"line":259,"column":25},"end":{"line":286,"column":21}},{"start":{"line":259,"column":25},"end":{"line":286,"column":21}}],"line":259},"17":{"loc":{"start":{"line":267,"column":28},"end":{"line":284,"column":29}},"type":"if","locations":[{"start":{"line":267,"column":28},"end":{"line":284,"column":29}},{"start":{"line":267,"column":28},"end":{"line":284,"column":29}}],"line":267},"18":{"loc":{"start":{"line":269,"column":33},"end":{"line":284,"column":29}},"type":"if","locations":[{"start":{"line":269,"column":33},"end":{"line":284,"column":29}},{"start":{"line":269,"column":33},"end":{"line":284,"column":29}}],"line":269},"19":{"loc":{"start":{"line":273,"column":32},"end":{"line":283,"column":33}},"type":"if","locations":[{"start":{"line":273,"column":32},"end":{"line":283,"column":33}},{"start":{"line":273,"column":32},"end":{"line":283,"column":33}}],"line":273},"20":{"loc":{"start":{"line":276,"column":40},"end":{"line":279,"column":58}},"type":"if","locations":[{"start":{"line":276,"column":40},"end":{"line":279,"column":58}},{"start":{"line":276,"column":40},"end":{"line":279,"column":58}}],"line":276},"21":{"loc":{"start":{"line":318,"column":12},"end":{"line":328,"column":13}},"type":"if","locations":[{"start":{"line":318,"column":12},"end":{"line":328,"column":13}},{"start":{"line":318,"column":12},"end":{"line":328,"column":13}}],"line":318},"22":{"loc":{"start":{"line":323,"column":17},"end":{"line":328,"column":13}},"type":"if","locations":[{"start":{"line":323,"column":17},"end":{"line":328,"column":13}},{"start":{"line":323,"column":17},"end":{"line":328,"column":13}}],"line":323},"23":{"loc":{"start":{"line":340,"column":12},"end":{"line":344,"column":30}},"type":"if","locations":[{"start":{"line":340,"column":12},"end":{"line":344,"column":30}},{"start":{"line":340,"column":12},"end":{"line":344,"column":30}}],"line":340},"24":{"loc":{"start":{"line":362,"column":12},"end":{"line":366,"column":13}},"type":"if","locations":[{"start":{"line":362,"column":12},"end":{"line":366,"column":13}},{"start":{"line":362,"column":12},"end":{"line":366,"column":13}}],"line":362},"25":{"loc":{"start":{"line":396,"column":12},"end":{"line":400,"column":13}},"type":"if","locations":[{"start":{"line":396,"column":12},"end":{"line":400,"column":13}},{"start":{"line":396,"column":12},"end":{"line":400,"column":13}}],"line":396},"26":{"loc":{"start":{"line":414,"column":12},"end":{"line":418,"column":13}},"type":"if","locations":[{"start":{"line":414,"column":12},"end":{"line":418,"column":13}},{"start":{"line":414,"column":12},"end":{"line":418,"column":13}}],"line":414},"27":{"loc":{"start":{"line":431,"column":12},"end":{"line":435,"column":13}},"type":"if","locations":[{"start":{"line":431,"column":12},"end":{"line":435,"column":13}},{"start":{"line":431,"column":12},"end":{"line":435,"column":13}}],"line":431},"28":{"loc":{"start":{"line":448,"column":12},"end":{"line":452,"column":13}},"type":"if","locations":[{"start":{"line":448,"column":12},"end":{"line":452,"column":13}},{"start":{"line":448,"column":12},"end":{"line":452,"column":13}}],"line":448},"29":{"loc":{"start":{"line":461,"column":12},"end":{"line":465,"column":30}},"type":"if","locations":[{"start":{"line":461,"column":12},"end":{"line":465,"column":30}},{"start":{"line":461,"column":12},"end":{"line":465,"column":30}}],"line":461},"30":{"loc":{"start":{"line":482,"column":12},"end":{"line":486,"column":13}},"type":"if","locations":[{"start":{"line":482,"column":12},"end":{"line":486,"column":13}},{"start":{"line":482,"column":12},"end":{"line":486,"column":13}}],"line":482},"31":{"loc":{"start":{"line":495,"column":12},"end":{"line":499,"column":30}},"type":"if","locations":[{"start":{"line":495,"column":12},"end":{"line":499,"column":30}},{"start":{"line":495,"column":12},"end":{"line":499,"column":30}}],"line":495}},"s":{"0":1,"1":1,"2":1,"3":1,"4":1,"5":1,"6":1,"7":1,"8":0,"9":1,"10":1,"11":1,"12":0,"13":1,"14":0,"15":1,"16":1,"17":1,"18":1,"19":1,"20":0,"21":0,"22":1,"23":1,"24":1,"25":1,"26":1,"27":1,"28":0,"29":0,"30":1,"31":1,"32":1,"33":1,"34":1,"35":1,"36":0,"37":0,"38":1,"39":1,"40":0,"41":0,"42":0,"43":0,"44":0,"45":0,"46":0,"47":0,"48":1,"49":1,"50":1,"51":1,"52":1,"53":0,"54":1,"55":1,"56":2,"57":2,"58":2,"59":2,"60":0,"61":2,"62":1,"63":1,"64":1,"65":0,"66":1,"67":1,"68":2,"69":2,"70":2,"71":2,"72":0,"73":2,"74":1,"75":1,"76":1,"77":1,"78":1,"79":1,"80":1,"81":1,"82":1,"83":1,"84":1,"85":1,"86":1,"87":0,"88":0,"89":0,"90":0,"91":0,"92":0,"93":1,"94":1,"95":1,"96":1,"97":1,"98":0,"99":1,"100":1,"101":1,"102":1,"103":0,"104":1,"105":0,"106":1,"107":1,"108":1,"109":1,"110":0,"111":1,"112":0,"113":1,"114":1,"115":1,"116":1,"117":1,"118":0,"119":1,"120":0,"121":0,"122":1,"123":1,"124":1,"125":1,"126":1,"127":1,"128":1,"129":1,"130":1,"131":1,"132":0,"133":0,"134":0,"135":0,"136":0,"137":1,"138":1,"139":1,"140":1,"141":1,"142":0,"143":1,"144":1,"145":1,"146":1,"147":1,"148":1,"149":0,"150":1,"151":1,"152":1,"153":1,"154":1,"155":1,"156":0,"157":1,"158":1,"159":1,"160":1,"161":1,"162":1,"163":1,"164":0,"165":1,"166":1,"167":1,"168":1,"169":1,"170":0,"171":1,"172":1,"173":0,"174":0,"175":0,"176":0,"177":0,"178":0,"179":1,"180":0,"181":0,"182":0,"183":0,"184":0,"185":0,"186":1,"187":0,"188":0,"189":0,"190":0,"191":0,"192":0,"193":1,"194":1,"195":1,"196":1,"197":1,"198":0,"199":1},"f":{"0":1,"1":1,"2":1,"3":0,"4":0,"5":1,"6":1,"7":1,"8":1,"9":1,"10":1,"11":1,"12":1,"13":1,"14":0,"15":0,"16":0,"17":0,"18":1,"19":1,"20":1,"21":2,"22":2,"23":2,"24":1,"25":2,"26":2,"27":2,"28":1,"29":1,"30":1,"31":1,"32":0,"33":1,"34":1,"35":1,"36":1,"37":1,"38":1,"39":1,"40":1,"41":1,"42":0,"43":1,"44":1,"45":1,"46":1,"47":1,"48":1,"49":1,"50":1,"51":1,"52":1,"53":1,"54":1,"55":1,"56":1,"57":1,"58":0,"59":0,"60":0,"61":0,"62":0,"63":0,"64":0,"65":0,"66":0,"67":1,"68":1,"69":1},"b":{"0":[0,1],"1":[0,1],"2":[0,1],"3":[0,1],"4":[0,0],"5":[0,1],"6":[0,2],"7":[1,1],"8":[0,1],"9":[0,2],"10":[1,1],"11":[1,0],"12":[0,0],"13":[0,1],"14":[1,0],"15":[0,1],"16":[0,1],"17":[0,1],"18":[0,1],"19":[1,0],"20":[0,1],"21":[1,0],"22":[0,0],"23":[0,1],"24":[0,1],"25":[0,1],"26":[1,0],"27":[0,1],"28":[0,0],"29":[0,0],"30":[0,0],"31":[0,1]},"_coverageSchema":"1a1c01bbd47fc00a2c39e90264f33305004495a9","hash":"c069a990ae69940ae349f6ce829e8fd5844349af"}
,"C:\\Users\\mattc\\OneDrive\\Dokumente\\GitHub\\Software-Engineering-2-team10\\server\\Entities\\BookingHistory.js": {"path":"C:\\Users\\mattc\\OneDrive\\Dokumente\\GitHub\\Software-Engineering-2-team10\\server\\Entities\\BookingHistory.js","statementMap":{"0":{"start":{"line":3,"column":8},"end":{"line":5,"column":9}},"1":{"start":{"line":4,"column":12},"end":{"line":4,"column":39}},"2":{"start":{"line":7,"column":8},"end":{"line":7,"column":33}},"3":{"start":{"line":8,"column":8},"end":{"line":8,"column":37}},"4":{"start":{"line":9,"column":8},"end":{"line":9,"column":39}},"5":{"start":{"line":10,"column":8},"end":{"line":10,"column":33}},"6":{"start":{"line":11,"column":8},"end":{"line":11,"column":31}},"7":{"start":{"line":12,"column":8},"end":{"line":12,"column":39}},"8":{"start":{"line":13,"column":8},"end":{"line":13,"column":47}},"9":{"start":{"line":14,"column":8},"end":{"line":14,"column":33}},"10":{"start":{"line":18,"column":0},"end":{"line":18,"column":32}}},"fnMap":{"0":{"name":"(anonymous_0)","decl":{"start":{"line":2,"column":4},"end":{"line":2,"column":5}},"loc":{"start":{"line":2,"column":116},"end":{"line":15,"column":5}},"line":2}},"branchMap":{"0":{"loc":{"start":{"line":3,"column":8},"end":{"line":5,"column":9}},"type":"if","locations":[{"start":{"line":3,"column":8},"end":{"line":5,"column":9}},{"start":{"line":3,"column":8},"end":{"line":5,"column":9}}],"line":3}},"s":{"0":0,"1":0,"2":0,"3":0,"4":0,"5":0,"6":0,"7":0,"8":0,"9":0,"10":1},"f":{"0":0},"b":{"0":[0,0]},"_coverageSchema":"1a1c01bbd47fc00a2c39e90264f33305004495a9","hash":"57f1216e0f6c6a5642ead301121a1e837505fd3d"}
,"C:\\Users\\mattc\\OneDrive\\Dokumente\\GitHub\\Software-Engineering-2-team10\\server\\Entities\\LecturesSchedule.js": {"path":"C:\\Users\\mattc\\OneDrive\\Dokumente\\GitHub\\Software-Engineering-2-team10\\server\\Entities\\LecturesSchedule.js","statementMap":{"0":{"start":{"line":3,"column":8},"end":{"line":5,"column":9}},"1":{"start":{"line":4,"column":12},"end":{"line":4,"column":39}},"2":{"start":{"line":7,"column":8},"end":{"line":7,"column":33}},"3":{"start":{"line":8,"column":8},"end":{"line":8,"column":39}},"4":{"start":{"line":9,"column":8},"end":{"line":9,"column":39}},"5":{"start":{"line":10,"column":8},"end":{"line":10,"column":37}},"6":{"start":{"line":11,"column":8},"end":{"line":11,"column":29}},"7":{"start":{"line":12,"column":8},"end":{"line":12,"column":31}},"8":{"start":{"line":13,"column":8},"end":{"line":13,"column":35}},"9":{"start":{"line":14,"column":8},"end":{"line":14,"column":41}},"10":{"start":{"line":18,"column":0},"end":{"line":18,"column":33}}},"fnMap":{"0":{"name":"(anonymous_0)","decl":{"start":{"line":2,"column":4},"end":{"line":2,"column":5}},"loc":{"start":{"line":2,"column":117},"end":{"line":15,"column":5}},"line":2}},"branchMap":{"0":{"loc":{"start":{"line":3,"column":8},"end":{"line":5,"column":9}},"type":"if","locations":[{"start":{"line":3,"column":8},"end":{"line":5,"column":9}},{"start":{"line":3,"column":8},"end":{"line":5,"column":9}}],"line":3}},"s":{"0":0,"1":0,"2":0,"3":0,"4":0,"5":0,"6":0,"7":0,"8":0,"9":0,"10":1},"f":{"0":0},"b":{"0":[0,0]},"_coverageSchema":"1a1c01bbd47fc00a2c39e90264f33305004495a9","hash":"6e0e54e88eae9bc12e74cd3bf99ef33d3d00c143"}
,"C:\\Users\\mattc\\OneDrive\\Dokumente\\GitHub\\Software-Engineering-2-team10\\server\\Entities\\StudentCourse.js": {"path":"C:\\Users\\mattc\\OneDrive\\Dokumente\\GitHub\\Software-Engineering-2-team10\\server\\Entities\\StudentCourse.js","statementMap":{"0":{"start":{"line":3,"column":8},"end":{"line":5,"column":9}},"1":{"start":{"line":4,"column":12},"end":{"line":4,"column":37}},"2":{"start":{"line":7,"column":8},"end":{"line":7,"column":25}},"3":{"start":{"line":8,"column":8},"end":{"line":8,"column":25}},"4":{"start":{"line":9,"column":8},"end":{"line":9,"column":33}},"5":{"start":{"line":10,"column":8},"end":{"line":10,"column":35}},"6":{"start":{"line":14,"column":0},"end":{"line":14,"column":31}}},"fnMap":{"0":{"name":"(anonymous_0)","decl":{"start":{"line":2,"column":4},"end":{"line":2,"column":5}},"loc":{"start":{"line":2,"column":59},"end":{"line":11,"column":5}},"line":2}},"branchMap":{"0":{"loc":{"start":{"line":3,"column":8},"end":{"line":5,"column":9}},"type":"if","locations":[{"start":{"line":3,"column":8},"end":{"line":5,"column":9}},{"start":{"line":3,"column":8},"end":{"line":5,"column":9}}],"line":3}},"s":{"0":1,"1":1,"2":1,"3":1,"4":1,"5":1,"6":1},"f":{"0":1},"b":{"0":[1,0]},"_coverageSchema":"1a1c01bbd47fc00a2c39e90264f33305004495a9","hash":"1aae80454fc37cffb647395e6ec6a18dcb103818"}
}
