TN:
SF:dao.js
FN:12,(anonymous_0)
FN:13,(anonymous_1)
FN:19,(anonymous_2)
FN:23,(anonymous_3)
FN:27,(anonymous_4)
FN:32,(anonymous_5)
FN:33,(anonymous_6)
FN:52,(anonymous_7)
FN:64,(anonymous_8)
FN:65,(anonymous_9)
FN:74,(anonymous_10)
FN:86,(anonymous_11)
FN:87,(anonymous_12)
FN:94,(anonymous_13)
FN:106,(anonymous_14)
FN:108,(anonymous_15)
FN:124,(anonymous_16)
FN:128,(anonymous_17)
FN:142,(anonymous_18)
FN:145,(anonymous_19)
FN:147,(anonymous_20)
FN:158,(anonymous_21)
FN:159,(anonymous_22)
FN:161,(anonymous_23)
FN:169,(anonymous_24)
FN:185,(anonymous_25)
FN:186,(anonymous_26)
FN:190,(anonymous_27)
FN:196,(anonymous_28)
FN:206,(anonymous_29)
FN:207,(anonymous_30)
FN:221,(anonymous_31)
FN:227,(anonymous_32)
FN:237,(anonymous_33)
FN:238,(anonymous_34)
FN:240,(anonymous_35)
FN:245,(anonymous_36)
FN:255,(anonymous_37)
FN:264,(anonymous_38)
FN:287,(anonymous_39)
FN:288,(anonymous_40)
FN:299,(anonymous_41)
FN:305,(anonymous_42)
FN:315,(anonymous_43)
FN:316,(anonymous_44)
FN:318,(anonymous_45)
FN:331,(anonymous_46)
FN:332,(anonymous_47)
FN:340,(anonymous_48)
FN:368,(anonymous_49)
FN:369,(anonymous_50)
FN:374,(anonymous_51)
FN:384,(anonymous_52)
FN:385,(anonymous_53)
FN:391,(anonymous_54)
FN:401,(anonymous_55)
FN:402,(anonymous_56)
FN:408,(anonymous_57)
FNF:58
FNH:54
FNDA:1,(anonymous_0)
FNDA:1,(anonymous_1)
FNDA:1,(anonymous_2)
FNDA:1,(anonymous_3)
FNDA:2,(anonymous_4)
FNDA:1,(anonymous_5)
FNDA:1,(anonymous_6)
FNDA:1,(anonymous_7)
FNDA:1,(anonymous_8)
FNDA:1,(anonymous_9)
FNDA:1,(anonymous_10)
FNDA:1,(anonymous_11)
FNDA:1,(anonymous_12)
FNDA:1,(anonymous_13)
FNDA:0,(anonymous_14)
FNDA:0,(anonymous_15)
FNDA:0,(anonymous_16)
FNDA:0,(anonymous_17)
FNDA:1,(anonymous_18)
FNDA:1,(anonymous_19)
FNDA:1,(anonymous_20)
FNDA:2,(anonymous_21)
FNDA:2,(anonymous_22)
FNDA:2,(anonymous_23)
FNDA:1,(anonymous_24)
FNDA:2,(anonymous_25)
FNDA:2,(anonymous_26)
FNDA:2,(anonymous_27)
FNDA:1,(anonymous_28)
FNDA:1,(anonymous_29)
FNDA:1,(anonymous_30)
FNDA:1,(anonymous_31)
FNDA:1,(anonymous_32)
FNDA:1,(anonymous_33)
FNDA:1,(anonymous_34)
FNDA:1,(anonymous_35)
FNDA:1,(anonymous_36)
FNDA:1,(anonymous_37)
FNDA:1,(anonymous_38)
FNDA:1,(anonymous_39)
FNDA:1,(anonymous_40)
FNDA:1,(anonymous_41)
FNDA:2,(anonymous_42)
FNDA:1,(anonymous_43)
FNDA:1,(anonymous_44)
FNDA:1,(anonymous_45)
FNDA:1,(anonymous_46)
FNDA:1,(anonymous_47)
FNDA:1,(anonymous_48)
FNDA:1,(anonymous_49)
FNDA:1,(anonymous_50)
FNDA:1,(anonymous_51)
FNDA:1,(anonymous_52)
FNDA:1,(anonymous_53)
FNDA:1,(anonymous_54)
FNDA:1,(anonymous_55)
FNDA:1,(anonymous_56)
FNDA:1,(anonymous_57)
DA:3,1
DA:4,1
DA:5,1
DA:7,1
DA:8,1
DA:12,1
DA:13,1
DA:14,1
DA:15,0
DA:19,1
DA:20,1
DA:23,1
DA:24,1
DA:27,1
DA:28,2
DA:32,1
DA:33,1
DA:36,1
DA:52,1
DA:53,1
DA:54,0
DA:55,0
DA:57,1
DA:64,1
DA:65,1
DA:67,1
DA:74,1
DA:75,1
DA:76,0
DA:77,0
DA:79,1
DA:86,1
DA:87,1
DA:89,1
DA:94,1
DA:95,1
DA:96,0
DA:97,0
DA:99,1
DA:106,1
DA:108,0
DA:109,0
DA:124,0
DA:125,0
DA:126,0
DA:128,0
DA:136,0
DA:142,1
DA:145,1
DA:146,1
DA:147,1
DA:148,1
DA:149,0
DA:152,1
DA:158,1
DA:159,2
DA:160,2
DA:161,2
DA:162,2
DA:163,0
DA:165,2
DA:166,1
DA:169,1
DA:170,1
DA:171,0
DA:173,1
DA:185,1
DA:186,2
DA:187,2
DA:190,2
DA:191,2
DA:192,0
DA:193,2
DA:194,1
DA:196,1
DA:197,1
DA:206,1
DA:207,1
DA:208,1
DA:209,1
DA:210,1
DA:212,1
DA:221,1
DA:222,1
DA:223,0
DA:224,1
DA:225,0
DA:227,1
DA:228,1
DA:237,1
DA:238,1
DA:239,1
DA:240,1
DA:241,1
DA:242,0
DA:243,1
DA:244,1
DA:245,1
DA:246,1
DA:247,0
DA:248,1
DA:249,0
DA:251,1
DA:252,1
DA:255,1
DA:256,1
DA:257,0
DA:258,1
DA:259,0
DA:261,1
DA:262,1
DA:263,1
DA:264,1
DA:265,1
DA:266,0
DA:268,1
DA:271,0
DA:278,0
DA:287,1
DA:288,1
DA:289,1
DA:290,1
DA:291,1
DA:293,1
DA:299,1
DA:300,1
DA:301,0
DA:302,1
DA:303,0
DA:305,2
DA:306,1
DA:315,1
DA:316,1
DA:317,1
DA:318,1
DA:319,1
DA:320,0
DA:323,1
DA:331,1
DA:332,1
DA:333,1
DA:340,1
DA:341,1
DA:342,0
DA:344,1
DA:368,1
DA:369,1
DA:370,1
DA:374,1
DA:375,1
DA:376,0
DA:378,1
DA:384,1
DA:385,1
DA:386,1
DA:391,1
DA:392,1
DA:393,0
DA:395,1
DA:401,1
DA:402,1
DA:403,1
DA:408,1
DA:409,1
DA:410,0
DA:412,1
LF:166
LH:131
BRDA:14,0,0,0
BRDA:14,0,1,1
BRDA:53,1,0,0
BRDA:53,1,1,1
BRDA:75,2,0,0
BRDA:75,2,1,1
BRDA:95,3,0,0
BRDA:95,3,1,1
BRDA:125,4,0,0
BRDA:125,4,1,0
BRDA:148,5,0,0
BRDA:148,5,1,1
BRDA:162,6,0,0
BRDA:162,6,1,2
BRDA:165,7,0,1
BRDA:165,7,1,1
BRDA:170,8,0,0
BRDA:170,8,1,1
BRDA:191,9,0,0
BRDA:191,9,1,2
BRDA:193,10,0,1
BRDA:193,10,1,1
BRDA:222,11,0,0
BRDA:222,11,1,1
BRDA:224,12,0,0
BRDA:224,12,1,1
BRDA:241,13,0,0
BRDA:241,13,1,1
BRDA:243,14,0,1
BRDA:243,14,1,0
BRDA:246,15,0,0
BRDA:246,15,1,1
BRDA:248,16,0,0
BRDA:248,16,1,1
BRDA:256,17,0,0
BRDA:256,17,1,1
BRDA:258,18,0,0
BRDA:258,18,1,1
BRDA:262,19,0,1
BRDA:262,19,1,0
BRDA:265,20,0,0
BRDA:265,20,1,1
BRDA:300,21,0,0
BRDA:300,21,1,1
BRDA:302,22,0,0
BRDA:302,22,1,1
BRDA:319,23,0,0
BRDA:319,23,1,1
BRDA:341,24,0,0
BRDA:341,24,1,1
BRDA:375,25,0,0
BRDA:375,25,1,1
BRDA:392,26,0,0
BRDA:392,26,1,1
BRDA:409,27,0,0
BRDA:409,27,1,1
BRF:56
BRH:29
end_of_record
TN:
SF:Entities\BookingHistory.js
FN:2,(anonymous_0)
FNF:1
FNH:1
FNDA:2,(anonymous_0)
DA:3,2
DA:4,2
DA:7,2
DA:8,2
DA:9,2
DA:10,2
DA:11,2
DA:12,2
DA:13,2
DA:14,2
DA:15,2
DA:16,2
DA:17,2
DA:21,1
LF:14
LH:14
BRDA:3,0,0,2
BRDA:3,0,1,0
BRF:2
BRH:1
end_of_record
TN:
SF:Entities\LecturesSchedule.js
FN:2,(anonymous_0)
FNF:1
FNH:1
FNDA:1,(anonymous_0)
DA:3,1
DA:4,1
DA:7,1
DA:8,1
DA:9,1
DA:10,1
DA:11,1
DA:12,1
DA:13,1
DA:17,1
LF:10
LH:10
BRDA:3,0,0,1
BRDA:3,0,1,0
BRF:2
BRH:1
end_of_record
TN:
SF:Entities\StudentCourse.js
FN:2,(anonymous_0)
FNF:1
FNH:1
FNDA:1,(anonymous_0)
DA:3,1
DA:4,1
DA:7,1
DA:8,1
DA:9,1
DA:10,1
DA:14,1
LF:7
LH:7
BRDA:3,0,0,1
BRDA:3,0,1,0
BRF:2
BRH:1
end_of_record
