TN:
SF:dao.js
FN:12,(anonymous_0)
FN:13,(anonymous_1)
FN:19,(anonymous_2)
FN:23,(anonymous_3)
FN:27,(anonymous_4)
FN:31,(anonymous_5)
FN:32,(anonymous_6)
FN:51,(anonymous_7)
FN:63,(anonymous_8)
FN:64,(anonymous_9)
FN:73,(anonymous_10)
FN:85,(anonymous_11)
FN:86,(anonymous_12)
FN:93,(anonymous_13)
FN:105,(anonymous_14)
FN:107,(anonymous_15)
FN:124,(anonymous_16)
FN:128,(anonymous_17)
FN:142,(anonymous_18)
FN:145,(anonymous_19)
FN:147,(anonymous_20)
FN:158,(anonymous_21)
FN:159,(anonymous_22)
FN:161,(anonymous_23)
FN:169,(anonymous_24)
FN:185,(anonymous_25)
FN:186,(anonymous_26)
FN:190,(anonymous_27)
FN:196,(anonymous_28)
FN:206,(anonymous_29)
FN:207,(anonymous_30)
FN:226,(anonymous_31)
FN:238,(anonymous_32)
FN:248,(anonymous_33)
FN:249,(anonymous_34)
FN:251,(anonymous_35)
FN:256,(anonymous_36)
FN:266,(anonymous_37)
FN:275,(anonymous_38)
FN:298,(anonymous_39)
FN:299,(anonymous_40)
FN:317,(anonymous_41)
FN:326,(anonymous_42)
FN:336,(anonymous_43)
FN:337,(anonymous_44)
FN:339,(anonymous_45)
FN:352,(anonymous_46)
FN:353,(anonymous_47)
FN:361,(anonymous_48)
FN:389,(anonymous_49)
FN:390,(anonymous_50)
FN:395,(anonymous_51)
FN:405,(anonymous_52)
FN:406,(anonymous_53)
FN:413,(anonymous_54)
FN:423,(anonymous_55)
FN:424,(anonymous_56)
FN:430,(anonymous_57)
FN:440,(anonymous_58)
FN:441,(anonymous_59)
FN:447,(anonymous_60)
FN:457,(anonymous_61)
FN:458,(anonymous_62)
FN:460,(anonymous_63)
FN:470,(anonymous_64)
FN:471,(anonymous_65)
FN:481,(anonymous_66)
FN:491,(anonymous_67)
FN:492,(anonymous_68)
FN:494,(anonymous_69)
FNF:70
FNH:53
FNDA:1,(anonymous_0)
FNDA:1,(anonymous_1)
FNDA:1,(anonymous_2)
FNDA:0,(anonymous_3)
FNDA:0,(anonymous_4)
FNDA:1,(anonymous_5)
FNDA:1,(anonymous_6)
FNDA:1,(anonymous_7)
FNDA:1,(anonymous_8)
FNDA:1,(anonymous_9)
FNDA:1,(anonymous_10)
FNDA:1,(anonymous_11)
FNDA:1,(anonymous_12)
FNDA:1,(anonymous_13)
FNDA:0,(anonymous_14)
FNDA:0,(anonymous_15)
FNDA:0,(anonymous_16)
FNDA:0,(anonymous_17)
FNDA:1,(anonymous_18)
FNDA:1,(anonymous_19)
FNDA:1,(anonymous_20)
FNDA:2,(anonymous_21)
FNDA:2,(anonymous_22)
FNDA:2,(anonymous_23)
FNDA:1,(anonymous_24)
FNDA:2,(anonymous_25)
FNDA:2,(anonymous_26)
FNDA:2,(anonymous_27)
FNDA:1,(anonymous_28)
FNDA:1,(anonymous_29)
FNDA:1,(anonymous_30)
FNDA:1,(anonymous_31)
FNDA:0,(anonymous_32)
FNDA:1,(anonymous_33)
FNDA:1,(anonymous_34)
FNDA:1,(anonymous_35)
FNDA:1,(anonymous_36)
FNDA:1,(anonymous_37)
FNDA:1,(anonymous_38)
FNDA:1,(anonymous_39)
FNDA:1,(anonymous_40)
FNDA:1,(anonymous_41)
FNDA:0,(anonymous_42)
FNDA:1,(anonymous_43)
FNDA:1,(anonymous_44)
FNDA:1,(anonymous_45)
FNDA:1,(anonymous_46)
FNDA:1,(anonymous_47)
FNDA:1,(anonymous_48)
FNDA:1,(anonymous_49)
FNDA:1,(anonymous_50)
FNDA:1,(anonymous_51)
FNDA:1,(anonymous_52)
FNDA:1,(anonymous_53)
FNDA:1,(anonymous_54)
FNDA:1,(anonymous_55)
FNDA:1,(anonymous_56)
FNDA:1,(anonymous_57)
FNDA:0,(anonymous_58)
FNDA:0,(anonymous_59)
FNDA:0,(anonymous_60)
FNDA:0,(anonymous_61)
FNDA:0,(anonymous_62)
FNDA:0,(anonymous_63)
FNDA:0,(anonymous_64)
FNDA:0,(anonymous_65)
FNDA:0,(anonymous_66)
FNDA:1,(anonymous_67)
FNDA:1,(anonymous_68)
FNDA:1,(anonymous_69)
DA:3,1
DA:4,1
DA:5,1
DA:7,1
DA:8,1
DA:12,1
DA:13,1
DA:14,1
DA:15,0
DA:19,1
DA:20,1
DA:23,1
DA:24,0
DA:27,1
DA:28,0
DA:31,1
DA:32,1
DA:35,1
DA:51,1
DA:52,1
DA:53,0
DA:54,0
DA:56,1
DA:63,1
DA:64,1
DA:66,1
DA:73,1
DA:74,1
DA:75,0
DA:76,0
DA:78,1
DA:85,1
DA:86,1
DA:88,1
DA:93,1
DA:94,1
DA:95,0
DA:96,0
DA:98,1
DA:105,1
DA:107,0
DA:108,0
DA:124,0
DA:125,0
DA:126,0
DA:128,0
DA:136,0
DA:142,1
DA:145,1
DA:146,1
DA:147,1
DA:148,1
DA:149,0
DA:152,1
DA:158,1
DA:159,2
DA:160,2
DA:161,2
DA:162,2
DA:163,0
DA:165,2
DA:166,1
DA:169,1
DA:170,1
DA:171,0
DA:173,1
DA:185,1
DA:186,2
DA:187,2
DA:190,2
DA:191,2
DA:192,0
DA:193,2
DA:194,1
DA:196,1
DA:197,1
DA:206,1
DA:207,1
DA:208,1
DA:209,1
DA:210,1
DA:212,1
DA:226,1
DA:227,1
DA:230,1
DA:232,0
DA:234,0
DA:237,0
DA:238,0
DA:239,0
DA:248,1
DA:249,1
DA:250,1
DA:251,1
DA:252,1
DA:253,0
DA:254,1
DA:255,1
DA:256,1
DA:257,1
DA:258,0
DA:259,1
DA:260,0
DA:262,1
DA:263,1
DA:266,1
DA:267,1
DA:268,0
DA:269,1
DA:270,0
DA:272,1
DA:273,1
DA:274,1
DA:275,1
DA:276,1
DA:277,0
DA:279,1
DA:282,0
DA:289,0
DA:298,1
DA:299,1
DA:300,1
DA:301,1
DA:302,1
DA:304,1
DA:317,1
DA:318,1
DA:319,1
DA:320,1
DA:323,0
DA:324,0
DA:326,0
DA:327,0
DA:336,1
DA:337,1
DA:338,1
DA:339,1
DA:340,1
DA:341,0
DA:344,1
DA:352,1
DA:353,1
DA:354,1
DA:361,1
DA:362,1
DA:363,0
DA:365,1
DA:389,1
DA:390,1
DA:391,1
DA:395,1
DA:396,1
DA:397,0
DA:399,1
DA:405,1
DA:406,1
DA:407,1
DA:413,1
DA:414,1
DA:415,1
DA:417,0
DA:423,1
DA:424,1
DA:425,1
DA:430,1
DA:431,1
DA:432,0
DA:434,1
DA:440,1
DA:441,0
DA:442,0
DA:447,0
DA:448,0
DA:449,0
DA:451,0
DA:457,1
DA:458,0
DA:459,0
DA:460,0
DA:461,0
DA:462,0
DA:465,0
DA:470,1
DA:471,0
DA:472,0
DA:481,0
DA:482,0
DA:483,0
DA:485,0
DA:491,1
DA:492,1
DA:493,1
DA:494,1
DA:495,1
DA:496,0
DA:499,1
LF:196
LH:135
BRDA:14,0,0,0
BRDA:14,0,1,1
BRDA:52,1,0,0
BRDA:52,1,1,1
BRDA:74,2,0,0
BRDA:74,2,1,1
BRDA:94,3,0,0
BRDA:94,3,1,1
BRDA:125,4,0,0
BRDA:125,4,1,0
BRDA:148,5,0,0
BRDA:148,5,1,1
BRDA:162,6,0,0
BRDA:162,6,1,2
BRDA:165,7,0,1
BRDA:165,7,1,1
BRDA:170,8,0,0
BRDA:170,8,1,1
BRDA:191,9,0,0
BRDA:191,9,1,2
BRDA:193,10,0,1
BRDA:193,10,1,1
BRDA:227,11,0,1
BRDA:227,11,1,0
BRDA:232,12,0,0
BRDA:232,12,1,0
BRDA:252,13,0,0
BRDA:252,13,1,1
BRDA:254,14,0,1
BRDA:254,14,1,0
BRDA:257,15,0,0
BRDA:257,15,1,1
BRDA:259,16,0,0
BRDA:259,16,1,1
BRDA:267,17,0,0
BRDA:267,17,1,1
BRDA:269,18,0,0
BRDA:269,18,1,1
BRDA:273,19,0,1
BRDA:273,19,1,0
BRDA:276,20,0,0
BRDA:276,20,1,1
BRDA:318,21,0,1
BRDA:318,21,1,0
BRDA:323,22,0,0
BRDA:323,22,1,0
BRDA:340,23,0,0
BRDA:340,23,1,1
BRDA:362,24,0,0
BRDA:362,24,1,1
BRDA:396,25,0,0
BRDA:396,25,1,1
BRDA:414,26,0,1
BRDA:414,26,1,0
BRDA:431,27,0,0
BRDA:431,27,1,1
BRDA:448,28,0,0
BRDA:448,28,1,0
BRDA:461,29,0,0
BRDA:461,29,1,0
BRDA:482,30,0,0
BRDA:482,30,1,0
BRDA:495,31,0,0
BRDA:495,31,1,1
BRF:64
BRH:28
end_of_record
TN:
SF:Entities\BookingHistory.js
FN:2,(anonymous_0)
FNF:1
FNH:0
FNDA:0,(anonymous_0)
DA:3,0
DA:4,0
DA:7,0
DA:8,0
DA:9,0
DA:10,0
DA:11,0
DA:12,0
DA:13,0
DA:14,0
DA:18,1
LF:11
LH:1
BRDA:3,0,0,0
BRDA:3,0,1,0
BRF:2
BRH:0
end_of_record
TN:
SF:Entities\LecturesSchedule.js
FN:2,(anonymous_0)
FNF:1
FNH:0
FNDA:0,(anonymous_0)
DA:3,0
DA:4,0
DA:7,0
DA:8,0
DA:9,0
DA:10,0
DA:11,0
DA:12,0
DA:13,0
DA:14,0
DA:18,1
LF:11
LH:1
BRDA:3,0,0,0
BRDA:3,0,1,0
BRF:2
BRH:0
end_of_record
TN:
SF:Entities\StudentCourse.js
FN:2,(anonymous_0)
FNF:1
FNH:1
FNDA:1,(anonymous_0)
DA:3,1
DA:4,1
DA:7,1
DA:8,1
DA:9,1
DA:10,1
DA:14,1
LF:7
LH:7
BRDA:3,0,0,1
BRDA:3,0,1,0
BRF:2
BRH:1
end_of_record
